# num_targets_sim_pass_one: 86760
# max_incl_sys: 0.0
# f_stars_with_planets_attempted_at_med_color: 0.88
# f_stars_with_planets_attempted_color_slope: 0.9
# generate_num_clusters: generate_num_clusters_ZTP
# log_rate_clusters: 0.0
# max_clusters_in_sys: 20
# generate_num_planets_in_cluster: generate_num_planets_in_cluster_ZTP
# log_rate_planets_per_cluster: 0.47000362924573563
# max_planets_in_clusters: 20
# power_law_P: 0.0
# min_period: 3.0
# max_period: 300.0
# power_law_r1: -1.4
# power_law_r2: -5.2
# break_radius (R_earth): 3.0
# min_radius (R_earth): 0.5
# max_radius (R_earth): 10.0
# sigma_hk: 0.25
# num_mutual_hill_radii: 10.0
# f_amd_crit: 1.0
# mr_model: Ning2018_table (above radius_switch)
# mr_model: Lognormal mass around Earthlike rocky (below radius_switch)
# sigma_log_radius_in_cluster: 0.3
# sigma_logperiod_per_pl_in_cluster: 0.25
#
[17.73340632165303]
[18.951077799683695, 13.515637553031468, 12.360558701292035]
[34.28005521770329, 9.837316808890796]
[12.317637586492298]
[13.033140673794076]
[11.259701676378425]
[13.498055445407653]
[64.15574432744587]
[68.77614388654627, 8.721264013387904, 32.25613023594926]
[28.783064885388736]
[19.14870108500626]
[8.154365346553947]
[12.622642286886762]
[7.478700015288363]
[29.05009865016188]
[8.931718726641687]
[82.87966822930547, 65.09649167819953]
[19.649194965690025]
[102.01277920973749]
[22.756057847209867]
[41.08575372118464, 28.117564411992152]
[22.20796919237699]
[67.46987396052211]
[22.69585837550443, 9.180431241515766]
[19.18503809781534]
[45.517468333041926, 18.025564424211108, 45.648660637905024]
[8.155202628300612]
[8.757988638750406]
[13.872960827649123]
[11.695904146936785]
[32.002269306621514]
[65.20749078607405]
[44.13929040410989]
[32.82442212081563]
[16.1090622448051]
[12.541624639134653]
[11.05260578407999]
[17.206375466750668]
[19.312327763162642, 19.227950780709694]
[10.269523512861808, 40.92471934926367]
[31.970331732506725]
[8.0783453117972]
[15.986119774798315]
[27.887310603479737]
[11.573744977894435]
[16.0556487675823]
[71.78330536502344]
[11.258621281704782]
[13.679199729248891]
[14.30730925825645]
[12.036856831503433]
[9.896679429688447, 50.19599268983919]
[55.23190367621185, 13.701199690619466, 24.98465969073025]
[993.6413462765621, 145.8170629801239]
[30.142347836845627]
[13.061039858709204, 11.641345260249441]
[61.03764552458777, 11.884768618694423, 14.801411096887097]
[24.19692942524568, 14.110942032668234]
[544.8396365180735, 459.1127503145654]
[82.14560487839657, 50.724293287083896, 108.98913898294191]
[148.80737922539646]
[15.492953711698425]
[11.111598722764192]
[101.56362397457922, 39.95746267090081]
[39.958883630190165, 27.886372722596306]
[28.326831339210933]
[12.059567206968126]
[14.737846498758385]
[132.14352220270038]
[39.19400783592455]
[10.351634610094306]
[111.70935107590257]
[69.06645779077988]
[27.315503354868582]
[14.950952852414575, 20.537179129678567]
[26.359169396906385]
[35.364625293563876, 33.84959543280167, 54.40718861182952]
[17.508278306409416]
[23.566040717221078]
[9.815971379187078]
[11.534254318722322]
[26.9239794968441]
[42.95752647846832]
[92.43710632132762]
[21.377120599347922]
[43.08912331026901]
[6.528730397169075]
[172.84019109384195]
[35.288761317743585]
[28.281480002414785, 11.533660840349803, 29.587648398115412]
[14.181810023921386, 8.750763603567824, 12.159410005781732]
[17.711633737753456]
[32.50065770736343, 34.68087580051497, 25.1478696217235]
[47.76824196936576, 22.817149112069583]
[227.58637807916247]
[60.29558192308403, 15.798956112700473, 8.087739618155911]
[28.67091843277287]
[82.96706601035135]
[24.563754727593633]
[37.397336285818575]
[19.537048089121487]
[30.503570115897233]
[21.872431808487963, 9.234357825471552]
[33.346883795048385]
[15.534850974630501]
[12.580854808370862]
[61.40592805873794]
[9.254597608251306]
[28.69427126714181, 15.480736032424252]
[106.19468354613016]
[9.995253321483343, 51.90040254255747]
[50.2716974276569]
[20.955713250606177]
[23.06558659765694]
[10.683639620476269]
[139.34232591056485, 32.15201921989283]
[20.80510301334247]
[47.234681362648715, 16.775393227163118]
[37.40823768717593]
[33.96708739622323]
[41.223790597065026]
[23.62677542016144]
[13.838536889696766]
[28.07205711013819]
[132.2259935191948]
[16.343496979362218]
[20.506532143955102]
[10.77996265556184]
[18.543461854274458]
[48.72471089871214]
[11.35717192628547]
[12.633117069850387]
[65.0692819082074, 32.95461684356041]
[11.194125873235095, 22.838251714051204]
[21.859767413051955]
[44.79364429451079]
[78.04028996292085]
[6.883220009803285]
[138.93004804348217, 223.54769585663507]
[22.681629898070593]
[37.59828711172239]
[20.097551776732203]
[13.09339208818329, 9.191542517163187]
[48.06926804580127]
[18.524194292693725]
[14.622268925812778]
[454.0331523427724, 76.84263011000338]
[34.51360399756644]
[47.69851909145099]
[17.201220311179554]
[11.539370645726077]
[134.47764750417858, 86.13812083483643]
[42.488307273442146]
[51.79913859776907]
[9.083875096624542]
[15.078148000415258]
[35.46171933266091]
[56.09446920346731, 21.16732104172204]
[9.175939722252748]
[467.2598550226253]
[15.155130350962747]
[377.913527123702, 257.1944147173846]
[15.395203557272756, 14.28297961837403, 44.53678040783073]
[42.682796686423465, 10.39409618705387, 10.046368079448417]
[25.229867712563905]
[170.2351552463925]
[27.762953567209536]
[21.878126577197566, 17.434823677494556, 15.690212886477422, 10.775213329286633]
[13.590909386327679]
[18.554858896922934]
[94.33935759407044]
[97.58011430743]
[18.588403406907602]
[24.80674660177276]
[16.488640243352897, 11.366451033247753]
[9.132976129105582]
[126.410722881472]
[138.42996919392635, 70.34011525187478]
[85.47500876254433]
[83.10089649852867]
[12.752528069107537]
[37.33852604342801]
[28.818293354194267]
[58.67129869201282, 24.229033674028326]
[13.342757696873392]
[127.26230040189846]
[1193.2490816762213]
[17.391481836579864]
[88.24937639256542]
[26.502430434675073]
[15.683160070872503]
[20.481155338975103, 51.48997269018929, 12.61049016972737, 11.238496235082401]
[34.08335577494181]
[13.648924081187083]
[36.38227563385641]
[55.61113550794766, 21.926626684681107, 39.49369790459777]
[14.409808744962149]
[11.102685503852436]
[9.597343969199644]
[27.11156775897641, 21.838867987898812]
[31.196370391175492]
[10.95351185174821]
[188.3099981180106]
[98.03303248435374, 97.33803968591506, 8.715453969777485, 9.435680680340184]
[142.44525125337432, 36.20790346878349]
[30.567798247758976]
[12.544262657820353]
[588.8346754042401]
[326.98162534817493, 90.87544004778802]
[26.04837623347149, 19.241804272405187]
[55.04602265693552, 38.57430884617682, 14.970407625446859]
[17.450728647379965, 11.458310560661152]
[30.191229882305134]
[13.690467332329312]
[18.837331108640168]
[104.94632921171177, 87.41959309257358]
[44.042728687392405]
[17.597673481559166]
[25.087107421003743]
[21.570929823686733, 10.776056106978707]
[273.30220412651386, 36.407762573556255]
[12.712402706400045]
[15.426914882406281]
[27.28484301008881]
[26.352466825300485, 16.24181785050756, 10.180283043835876, 21.085644613753495]
[46.62976701659873, 28.503373110631628]
[16.62062237477934]
[99.5168814411837]
[12.475309464909444]
[8.903125796101307, 14.274158312675187]
[8.38955211467819]
[71.53809143527916]
[141.75970033510217, 370.2786953031537, 309.13861082242926, 615.462708940088, 99.2316566444941, 74.25212958332247]
[15.100594425365445]
[17.010421270957632]
[23.60086143442524]
[51.405728032800205]
[91.63247265385165, 94.90259928830088]
[97.25101306306333]
[24.035168573884302, 58.1343685034382]
[42.49637056927168]
[14.506076997245948]
[118.31324187138969]
[36.36787251670211, 9.69267213731962, 15.06400699779472]
[11.677168000993953]
[17.82844953707654, 12.57730143287125]
[153.34281452397664, 22.98099670981406]
[11.806988859086255]
[9.30806957459343, 7.795152881379542]
[28.055521322506173]
[7.375808869424305, 34.26403006168475]
[33.853633345468346]
[9.201399713238347]
[10.628742244466022, 34.5751028585918, 11.854522467421186, 22.433565683260543]
[90.46486130345714]
[18.6901461923375]
[290.9835321924231]
[10.314887202079912, 22.538059617046823]
[9.09244729063476]
[22.697435274123748]
[36.12786638117926, 75.03135897766546]
[12.451194570482066]
[18.041731066626436]
[29.992062194864783]
[16.668977994148822]
[77.0062421218404]
[42.108037854028616]
[13.05734687636685]
[15.843623036458936]
[73.11837867595456, 63.0472422849168]
[12.457510436577023]
[12.73538565203496]
[12.539905682028964]
[26.51366115216643, 14.730411864160637, 11.923052550562938]
[13.598495770838209]
[123.0000315985271]
[100.10902036488139, 73.66807971279675]
[8.7375101851447]
[10.361242992382863]
[70.74838971430094]
[14.160714423662935, 19.890022591187453]
[29.212758878514325]
[26.30267885198463, 25.301810525567063, 48.14209912287761]
[42.91680499846345]
[42.389036537754194]
[10.767329099963836]
[52.00422348374829]
[58.58344858686907, 17.614262863602015]
[156.1803750258547, 28.28760587704413, 13.980642407921664, 10.211083992069259]
[76.88045590615026, 37.19889680832373, 12.914007430451951, 58.064138745367536, 25.042818676423124]
[327.3562569984651]
[9.348164566562572, 21.511713319671035]
[9.055713426786292, 20.3374467481227, 11.80275650667868]
[111.01607470873559]
[67.55712127782125]
[8.459602209208196]
[34.759335160985685, 30.724021899020432]
[27.116683625758938]
[17.260402582782774, 12.584394258401506, 17.35358541961206]
[61.65678154617033, 21.980089397036657, 10.794473762326689, 34.540474555251954]
[11.804280411663886, 36.371536201370915, 35.010726376610286]
[30.262867520008115]
[54.31581084271771]
[84.35648184122164, 46.82501131076543]
[53.221440401122535]
[227.6223342915592]
[19.910640906023364]
[75.29977736688582]
[51.9219509994896]
[74.44598240478156]
[30.467573704530533, 12.895259791240674]
[10.611069468252674]
[55.974704997066404]
[14.322310628654106]
[66.56428808762684]
[13.243203803972479]
[144.20847363465154, 122.69020290597949, 70.15321793701315]
[31.479394742340528]
[36.90823915719226, 40.1500148319115]
[69.25612739721535]
[25.043742500000064]
[64.76954301298547, 9.160115614402049, 22.596379992062133, 16.079547677545325, 8.988933732491853]
[11.31369854684264]
[22.94010008723469]
[19.810881270699937]
[8.261482410735562]
[69.90761239082498, 133.58816719596786]
[15.78042324103019, 14.992438582249486]
[10.18522510415691]
[12.285843106759492, 11.449003337401242]
[15.297728920665495]
[36.349584280095506]
[14.277895874055368]
[18.30028223063341]
[139.01878936508126, 52.1935362643168, 76.86217014870091, 16.98077433018614, 43.61723321213571]
[13.314128924737036]
[14.558624462471474]
[37.763022484739025, 98.29038578055581]
[13.272052628127703]
[26.39096985125125]
[26.66435613471279, 8.928673093330614]
[125.04946354601474, 33.50893777449693]
[57.97213225831647]
[18.608349787893896]
[241.51218544440164, 133.20472502498995]
[15.48940182516546]
[14.43571189058881]
[34.62034600512324]
[103.58560476440559]
[13.38092931337902, 11.852175041491538, 21.947549431806074]
[12.894492072917226, 13.867876095250798]
[21.97941382396271]
[428.14654625202223, 17.284874482137457, 201.4548117480364, 29.54367570275594]
[53.82917891049812, 31.3567758020436, 26.960659866904095]
[18.63010909154629]
[45.78842910300519, 10.47078888627415]
[26.239853292885314]
[9.337401411595872]
[17.549820169915705, 11.382251492440764]
[89.6947793999544, 82.0796651702131, 24.496659731357703, 12.600199104218778]
[30.908654740313366]
[83.21701284234409]
[7.656339373311645, 34.71138085357404]
[10.392605091937734]
[54.03810071004898]
[24.046803322301432, 17.59010849408989]
[24.728201459696592, 19.71035066269113]
[55.24856550620317]
[53.307762538710975]
[33.74927381834322, 17.62398458364318]
[25.174230805683507]
[26.630425893061393]
[70.19205999725635, 63.21128407479418]
[41.960520477505575]
[214.06881777523603, 203.72815634060004]
[54.67371202148953]
[13.451626917521512, 25.6943733195592]
[480.6389385947371]
[17.8208298926107]
[27.674057039207845]
[15.815849876884899]
[22.939127926042886]
[22.10730424774621]
[14.896755205260984, 9.307058453925903]
[19.5337609900759]
[388.29396916732213]
[33.85615566367179]
[42.84679291930764, 26.44598661979005]
[31.010024420899768, 21.566887584991658]
[122.5343159512234, 114.95694361455934]
[36.495450557906075]
[44.356853318288785]
[12.119884770016295]
[9.42237151247958]
[268.29839879632215]
[608.3294362963508, 108.5902192232656, 142.45872644330072, 193.89653394697874]
[9.760078692364164]
[78.808532153741, 63.9526587354739]
[14.344512409098737]
[52.82523512654501]
[14.037943784433454]
[83.78164207841812, 42.99178613394741]
[26.4017798634342, 12.892478650060355, 8.702521192095109]
[12.478917505962896]
[11.06545851383998]
[20.03464820242005, 9.701890016103096]
[9.817679028131929]
[59.94302235568668]
[12.455768872683961]
[22.05786367247427]
[27.52554006635449, 49.31846316943793]
[78.15544599526707]
[183.1388008051301, 28.96815591135443]
[9.892933583221438]
[64.71523732797196]
[122.67003582624268]
[89.81804736626167]
[7.949432930890908, 16.91705467014, 23.6748165595666, 25.27176333204727, 15.708094036053662]
[14.776045324603619]
[77.2880229899175]
[18.89131061450714]
[20.75146369758667]
[46.12802298640169]
[9.227511175740421]
[15.057644230385211]
[36.14066627199009]
[51.49324571088347]
[40.784477201450485]
[14.129713567298925]
[15.027558539514976]
[18.935003381449363]
[39.39462264192013]
[66.22477341138027, 30.490872208326007]
[16.866868736328854]
[21.215375585745704, 20.881151786549232]
[53.8104464936009]
[67.97758280939364, 25.96504740080114]
[44.347441372949916]
[16.583926767441685]
[28.085636515605874, 7.03820552587207]
[13.015369727136381]
[25.91321200980731]
[37.01088264077362]
[29.17250812981836]
[15.821007208899486]
[48.40964835000446]
[65.4959672886039]
[14.951313063230526]
[22.200748737326073]
[7.313655429793765]
[58.06636394662297]
[41.422059700960496]
[86.90789865626378]
[99.89912975580928, 10.665512813719825, 32.915763114944475]
[37.51786189759526]
[14.139346256029143]
[15.891531820488707, 10.995707243440686]
[29.760617663129633, 9.243528924450315]
[11.84168725203321, 23.043524298973587]
[63.36889360690185, 88.14887627543914, 40.00937164104176, 57.94056938708688, 45.785215952221655, 27.59249174001009]
[28.51659334065766]
[43.8469892109857, 79.03919626121079]
[101.84455707040604]
[20.964527670645463, 11.406941496054321, 19.555743014493615]
[46.43892248770439]
[20.442723118286178]
[18.58521891768589]
[27.788517005020147]
[18.071939457007115]
[15.687186665100343, 13.910334876126285]
[32.29326749919298]
[39.32294888263971]
[43.88851548998376]
[15.103119109778051]
[13.422931300695398]
[30.058577424191807]
[83.74812441420038]
[8.68918205787462]
[23.130624405656846]
[40.85117866492836]
[12.565913970056256]
[88.49696579598721]
[55.108748727506324]
[18.535316896257328]
[14.437596915547086, 35.892874807630854]
[11.375373695649184]
[28.338992770137978]
[24.731263462115255, 82.03973787394362, 11.740198278882222, 27.715049036152177]
[58.8711307742655]
[27.273460136161663, 15.560150106113117]
[16.23287165473413]
[10.377244606053635]
[66.249025545384, 9.629103336894005, 8.511779008466434]
[68.33800085225086, 107.69830742513287, 33.26032692778928]
[7.638543686810268]
[28.238922026988885, 28.480258215982623]
[47.21431238949704]
[15.358208540687645]
[78.23296716810002]
[27.526090067143123]
[98.67220602300276, 21.609382898456655, 26.085488507683294]
[16.30947124172838, 26.974322791695446, 14.377013888552673]
[16.839315298058352, 10.0254499962128]
[35.021380591142645]
[30.519386233439846, 9.929619440040067]
[28.6010356918783]
[12.355793837792975]
[9.302505122300238]
[7.69922669605378]
[42.307085566839255]
[11.29190973743214]
[16.40401970131426]
[37.144854587877916, 27.98718480501108]
[27.73564291306233, 25.49552517394895]
[14.536153166235502]
[90.46130806195804]
[38.490257999855466]
[37.776768320562105, 27.822217333800996]
[12.425652622541033]
[101.69261352709368]
[20.604124762221375, 21.348039429660343]
[113.70571225621013, 40.8515792443379, 25.445113272009788]
[13.632909247467612]
[58.49509700718198]
[38.39590354310289]
[94.52583356483647]
[74.78603163382475, 8.724986404874441, 18.959600341667272]
[9.344486731799012]
[11.110887234363535]
[40.87264160903174]
[10.548268447019186]
[18.920432868109025, 11.879320814762636]
[5.226004747935271]
[14.333861042593076]
[9.026270617114998]
[20.501254841089917]
[53.69554826975009]
[127.98422712492568]
[15.559098409078722]
[29.13596807714782]
[25.254808235544342]
[75.31367366761042]
[24.66000654787823]
[131.90817197625626, 27.92019630134232]
[27.49901223022615, 10.798147445187938]
[38.22832896916005, 164.35298122724998]
[13.20016919477287]
[8.07013857420239]
[98.27566277280333]
[18.351169177953345]
[20.115774580264432, 8.925563742269023]
[99.19781745802776]
[14.340940372431724]
[17.27228056142901, 15.735641288902265]
[7.783248012865401, 13.381368527030187]
[22.768884851022044]
[50.56082902099996]
[15.578042988050557, 28.590727608793905]
[190.7124272223696]
[8.382926445734181]
[10.984743155349168]
[33.54919628904007, 26.353832507601656, 126.35064752892625]
[20.042814404906505]
[151.31643811574685]
[60.54493764918513]
[390.96781159202305]
[80.58637738331561]
[23.899675644381812]
[28.94355224455109]
[9.944834480012231]
[19.2044427836889]
[23.605598880540455]
[12.836999170144432]
[17.169859541201806]
[21.661460085188537]
[28.046219751324028]
[77.39726062437744, 59.11687022893623, 104.28347826416105]
[52.261215919450365]
[17.83369936855734]
[20.174081277822555]
[22.186961794751202]
[76.49358867891019]
[97.22991294983755]
[21.536974595593]
[12.902952135910292]
[9.696730603555062]
[9.615974616561086]
[10.383843650940012]
[265.12961626570296, 97.21501975811336]
[46.882728377429096, 30.463782728084357]
[20.675953593300804]
[20.51509582386209]
[12.402139270699575]
[31.23361592964012]
[8.33630856113902, 16.202792053200493]
[13.235106569787929]
[16.692568534878287]
[16.887819151663866]
[121.39015261774242]
[73.70306133429203]
[10.363086487750595]
[943.263052868943]
[33.942638201006744, 13.832657269187413, 27.817419876977866]
[8.626948635208375]
[49.2863026076014, 30.484941807302594]
[45.718845562255915]
[10.605746878605801, 13.763699591682782]
[156.3787251864014, 137.82882865018493, 23.7905202316902, 18.737382877795326]
[6.874130383793981]
[13.932331521531212]
[13.082585862048752]
[75.55010621022126]
[29.930382156508067, 24.82290933130717]
[24.11591407933737, 12.841049728515634]
[9.093883652692194]
[22.039343576954415]
[12.715592622796068]
[85.23134373481409, 36.702398935521124, 25.75103542257313]
[12.738792193764084]
[41.322790756139476]
[41.215722065354825]
[43.80614198989996]
[167.7286454609723]
[27.750786596832288]
[21.437165798879892]
[19.301855403257054]
[30.426815251265833]
[18.066054851700112]
[30.31447445853442]
[8.688709823089003]
[9.509537257714062]
[12.934623463624098]
[56.60355571740811]
[105.60499049172826]
[14.941384278513771]
[15.454936564176272]
[13.00377641158508]
[9.671733739000803]
[55.57378144865433, 15.705316007942574, 106.53629563895724]
[132.05322139775723, 110.25804976435884]
[13.196264816265591]
[9.403758469793923]
[8.611013585685928]
[66.56813193541475]
[23.008166238720907]
[16.066089990510033]
[78.55566611600455, 27.00965434587168, 13.43727360373128]
[17.140906082390405]
[38.149990369405124]
[17.076373419470467]
[23.354351082294052]
[9.454869581380606]
[66.98001690990847, 16.386754677407364]
[70.42010192619419]
[9.116620055050833]
[87.76039391262842, 32.861834001272804, 13.678977269315707]
[43.56978586169521]
[92.70598431433557]
[30.147691209693065]
[32.44944596865658, 15.853320968249706, 8.377868287593884]
[73.36463138258722]
[187.01771336369873]
[23.247066114088685, 22.441350028597217, 10.66801497461443]
[12.264589788109655]
[11.305087877970465, 16.797435141406933]
[67.6014657046747]
[26.968449227810382, 27.354511197523962, 31.256878863688442]
[25.76251802815055, 9.26077128454001, 14.765750503034997]
[63.15535740856936, 84.55763252128268]
[30.35956570588197, 13.003516172787814]
[50.32413773107831, 31.813827056853615]
[32.16434403429583]
[25.98669822169716]
[11.420824049353346]
[17.05468743233897]
[6.68357822486682]
[266.7193007722962]
[15.133871080173165]
[9.621807426865564]
[12.945886744323078]
[10.007829537176484]
[9.406684943384956]
[37.36700318061558]
[11.206825149911678]
[12.473921447208333]
[26.120699847101548]
[11.801988276041556]
[105.51278870517548]
[71.17687482825089]
[6.6808234869328675]
[14.47507337049954]
[11.488813273399666]
[16.49761457144494]
[80.55100276376125, 127.33971534619796, 65.6947782052696, 35.68473762651847, 21.444889283009722, 14.542182563251124]
[339.2896329714764]
[256.9286770602892]
[21.475626175185955]
[25.91708193851394, 23.584669310115235]
[48.24810012284071]
[270.1633442562225, 86.22724590843632, 36.05014528427748]
[229.18779091285947, 551.9798246974992, 13.743586767555609]
[15.136089226239227]
[62.98703074196464]
[206.73286653868362]
[57.7839039981612, 39.33385832887112]
[18.338118834365662]
[16.19014307332072]
[19.7966258544776]
[34.342687704617354, 10.923981590381006]
[33.67182436097323]
[81.55199113940516, 46.27662966701533]
[21.645438517757295]
[501.6918127558048, 838.0699533902625]
[77.29745576430045]
[19.944075172685462]
[10.342853309071135]
[25.523051028409085]
[48.07131193009161, 19.12928931351952, 15.740401262717473]
[98.82297576709259]
[96.37358101312398]
[10.047712321015373]
[50.785329535648536, 10.85064008104306, 129.77524208993142]
[10.104989915060367]
[202.14807958613832]
[61.1765985287687, 38.31734822090167, 12.34379233446865]
[10.736529637166235]
[17.55477992236535]
[119.49321236872706]
[293.40194789370753, 667.5193449220855]
[12.855984717912714]
[12.496994246929171]
[17.93664606886743, 22.502142459413623]
[22.384088186119836]
[63.93147489371953]
[8.722298443038687]
[14.73957342027382, 28.919221037151367, 7.702168024646683]
[20.26541445268458]
[41.34687269461291, 14.871572379455225, 11.301226022585091, 123.23958286084482]
[28.000742598125125]
[192.49859089613852, 56.200918418626145]
[58.478782816243864]
[13.155087875346103]
[14.153695137025352]
[16.623018236294797]
[23.30158019167597]
[672.7576320242705]
[52.77564690750517]
[35.37654866726011, 13.790331541229367, 12.956775718881214]
[47.25977318801117, 20.076561365195875, 34.69868319175664]
[25.48978559745492, 17.963253972474316, 26.60775729661605]
[229.0281943359388, 52.13766408874213, 109.5060172126238, 77.96489341335385, 72.87682324000568, 10.5667215790477]
[33.780841709028905]
[33.1580072320881]
[28.208295066809548, 11.25289594261115]
[29.79912698807802, 34.28579491922095]
[14.020692780109794]
[75.7931110059371]
[8.008163830570917]
[19.278929150334815]
[20.646298330925422]
[38.77991997123306]
[66.8018100235982]
[432.89591857585776, 208.98174752020813]
[69.70154171001613, 55.1669054580127]
[12.534462021028203]
[49.95039988659673]
[18.419827394680418, 12.54655228627036]
[146.37890516039073]
[85.33968579359714]
[11.356478139360032]
[9.181780313184953]
[75.1063962096011, 8.965383817102348]
[46.915671539516765, 20.61228214696845]
[9.105990424490633]
[513.993018958075]
[29.465966483970547, 15.006801624622542]
[18.03309297777148]
[22.023748222631234]
[45.54590969324564]
[18.67725258987579]
[22.78234176853427, 83.20126060773693, 192.53505678960596]
[141.55723004718055]
[93.94363422435416, 9.302324549398708, 72.49263334807459]
[11.652859216318197, 88.577332294915, 188.78355856067722]
[63.662255387285, 33.50887173306136, 19.613280912305854, 9.800124999598786]
[17.659630126384094]
[50.175202912780655, 59.74118748304338]
[85.16961421171081, 17.139263891961196]
[12.89826057147245, 26.48641564546186]
[11.189721378460316]
[113.44616849035009]
[25.645894780953515, 7.756900304603653]
[17.8097997687321]
[14.17667481053954, 12.543757970455951]
[173.60132668270174, 13.732322929136625]
[15.099317917074217]
[21.5933506680217]
[18.857254229228406]
[371.74370589231887]
[104.91049416681898]
[25.769671698458428]
[70.91324751685109]
[27.85084227546881]
[32.81885320772151, 46.37699088953834]
[13.595341919999541, 188.71232423388736, 18.06942793183112]
[27.734033823306664, 13.441393745459983]
[27.754336111764587]
[109.6574888633952, 16.427787941535485]
[23.70975575700701]
[15.879554912014841, 11.666916480152425, 12.744531138164819, 8.000736778700492]
[29.080436644879153]
[6.566351487145294]
[9.360972711677533]
[27.401610720255356]
[17.72067668132064]
[115.4281309669675]
[55.619969725366246]
[10.552717818900108]
[47.17018114033371, 29.242798082897878]
[33.94007259291737, 29.0248376801104]
[11.083668402088552]
[32.00132216839938, 9.736171326531425]
[25.437022462552346]
[16.667039422359167]
[43.47894472707935, 111.36007013113763]
[10.264376881091753]
[21.299110804000232, 16.571068219843486]
[10.048748763300345, 11.83197332627433]
[25.536562852393608, 13.636129444835136, 9.409304208291413]
[21.7196922158269]
[18.899712742343713]
[15.753435243495344, 21.12029241872174]
[14.064732065715594]
[19.39396443275315]
[8.276944590251913]
[13.911773103595712]
[58.9837347027808]
[26.419040624092762]
[28.799691594479857]
[27.101026282624456, 22.302017370763842]
[259.21992590534774, 68.25610903587729]
[352.2608030970109]
[41.80676623958062, 9.645133331947424, 12.071062757577364]
[9.258282131037436]
[8.812959506871453]
[163.65900495374265]
[83.12547038401104, 74.86222964508293]
[11.647687247288085]
[17.92537100432655]
[80.71305955123314, 188.3267147490506]
[13.948225256416904]
[308.51699597154084]
[93.94014853291897, 15.630252463610132]
[50.973589531799945]
[25.429661671229457]
[208.36990796652992]
[30.078058463987762]
[65.2347737637693]
[10.567302017179783]
[15.558283377560745]
[10.598349677090024]
[85.05898518950495]
[23.863452826929016, 51.308518517363694, 22.43757115781741]
[12.543278715599175]
[8.257206598811333, 24.533082862228053]
[77.43452296722059]
[20.415498346026922, 27.89436378512283, 23.444997793130103]
[14.534530013360392]
[9.253312832579205]
[118.42661615249929]
[10.179344520407763]
[12.39651127893789]
[12.941497212964574]
[17.66094800057869]
[22.258389310340995]
[69.16097481621841]
[14.390387609300086]
[10.877567817518658, 8.32929296280229]
[29.827875802865194, 66.49983925905244, 18.01580144701353]
[39.45347852480401]
[18.140316838052197]
[11.480354589533654]
[12.0513060798265]
[29.333180960925343]
[14.94799458528328, 13.318578164955575]
[32.68073544648549]
[15.419815998716436]
[14.407280931800866]
[11.257072381468747]
[9.936213402851939, 64.84401999218399]
[15.879246587941678]
[19.141965906161225]
[52.52882040419847]
[151.96939731039672]
[24.79663875356547]
[8.674546319185254]
[82.71719234288598]
[1139.0229751207978]
[47.515100053222234]
[12.456925989913652]
[712.548053448594, 50.92053756574053]
[25.696513161444916]
[175.68761995310206]
[72.26043008211187]
[176.66329348529374]
[7.1090233611090925]
[14.805852025489752]
[76.68476541459333, 86.13986028082275]
[12.186513894646936, 13.566608478667709]
[10.37845608946067]
[36.52369024885768]
[9.068997551483704]
[32.166776443858105]
[27.6868977516705]
[12.682835551622444, 10.59278822751736]
[14.459345727804127, 24.834753270140354]
[10.214543540201172]
[284.9667146904735, 324.0171784068455]
[17.563933592318467]
[17.357059508633412]
[81.62549852939762, 86.26965219233753, 47.29177218531499]
[48.27451854662699]
[38.827843469824586]
[114.28260554371467, 112.6307979263304]
[13.16084752734232, 10.643404587374409]
[49.700461719052186]
[10.344613433608544]
[9.882741422386507]
[202.2717316115971, 92.49864191709443, 6.846018444778608]
[48.062077978214866, 14.305359238900541, 83.41978350346315, 49.12501914595809]
[16.674562289259082]
[8.304189775128474]
[6.1168665936402515]
[11.980278817837622, 20.640812457076855]
[13.861972411485189]
[19.71167834653104]
[18.281735990111077, 12.58360276432312]
[288.4340406169475]
[17.131339794180814]
[27.964565814056556]
[379.3106224477971, 176.15334789778544]
[18.285241243095726]
[37.53362322712289, 23.539093553814322, 11.542733855594125]
[29.411807733573863]
[26.28764954971999, 50.30410045132686]
[16.22155737167526]
[17.35549839919492, 46.88098647738164]
[57.979141378564]
[11.069681279903403]
[124.03936211819548, 90.53919104143459, 43.58641111727545, 34.31910047983495, 19.604520603680726]
[62.46088677587989]
[19.58119963493078]
[314.6303718173711, 124.79102387385403]
[27.324553894423662]
[9.626446414826946]
[45.5075902672709]
[45.05409049211602]
[112.11230948176281]
[47.449584627154074]
[105.13934860967622, 101.35456890858165]
[54.720873974332314]
[99.81729049994014, 85.72793397184367]
[15.755046394610892, 23.087176078663962]
[44.435384620536425, 51.49389348565923, 10.579343165389657]
[34.94991101024604]
[61.02709955231993]
[123.93972498766895]
[22.792942339436063]
[23.618617558555048]
[734.6556697229909]
[7.851504803813237]
[19.550305984296166]
[16.948506619870027, 101.26689639040757]
[21.465670498447146]
[11.196443402673934]
[21.757403337827874]
[10.599531365397798, 6.159205320691364]
[109.11192479382532, 81.05909362080807]
[29.05067591082784]
[20.19574192675473, 21.598649924396845]
[18.586208389366277]
[20.49049543015732]
[8.304990116898553]
[25.39432453004902, 23.96144095753772]
[9.527753299817157]
[25.019593412056075]
[10.519715362092851]
[30.583385226828486, 35.80899084105715]
[121.36848621836121]
[12.303917751811024]
[19.08444057960215]
[30.792738348284367, 19.119079707373352]
[46.06468410216594]
[168.59423406010572]
[77.31668633810615]
[9.718540555961953]
[11.567754504000778]
[12.770145239834694]
[10.303056512952857, 10.722968554235607]
[103.13570996278322, 32.556279061892745, 107.9829408880798]
[42.28555657766728]
[55.994907376102155]
[29.277862752818276]
[15.488602799650634]
[116.66689256112366, 276.74400524089924, 129.64827066304994]
[27.2103560682212, 62.4087816741909, 33.28427197927032, 45.00226377567652]
[21.050282976218995]
[59.554849791055915, 54.80941718013263]
[19.230643582249574]
[55.217121560895436, 9.397532478803301]
[13.239694331473293]
[11.159523741220012]
[15.596041146753148, 34.636370405143715, 13.468688032650208]
[26.453656789765958]
[14.464599200115611, 22.076013335857827, 11.481929368788641]
[126.38487529784186]
[20.19619731689509]
[20.368914558788333]
[19.24724206627739, 25.724240567651947, 16.041576098422407]
[13.695861486549402]
[9.274439831489204]
[13.882041222440648]
[317.04199239460047, 739.9307346366775]
[12.018156943646316]
[20.700171555288335]
[68.04453794009345]
[12.867937850201177]
[25.305504122674368]
[21.912475288112834]
[10.787929739357377, 12.467103080782135]
[10.281083014542899]
[19.89648888917003, 22.001392453491494]
[52.743202026767726, 16.85397881667327]
[33.97992544905568]
[25.904271310322322]
[51.15659384936256]
[9.70285819018393]
[14.309747067471616, 46.19022983244507]
[33.32001788799584]
[36.91699260743666, 28.36737287039357]
[9.813835855645758]
[54.71496229491365]
[30.301715319954653]
[25.16714736979531]
[15.020046177071467]
[52.563666130717856]
[26.25948558533172]
[26.960104743686053, 20.137064074335555]
[13.636183677538515]
[71.96915949422242, 164.3490738756969, 32.177233608376824]
[15.063753510450207, 7.547679288344314]
[19.049375643781378]
[10.103681017365204]
[24.302053128819274]
[113.68324857428058, 22.613191189546054]
[21.620803477214654]
[78.7256209156604]
[13.594897455789603]
[20.28426334222591]
[16.523642842338646]
[148.03362164735913, 14.721164500804845, 12.395661289662016]
[83.307753121819]
[9.243044472759014]
[17.17678734528521]
[49.90274873523789]
[11.744766724207514]
[33.635285638801186]
[44.80595905559492]
[7.9484126410035305, 18.112575123721868, 40.00187969242741, 45.28925888829483]
[35.89797076363279]
[38.87204125009874]
[13.541109102033698]
[12.439130918522332]
[27.110767124301212]
[35.629144214284615, 20.591061495181428]
[342.7104468906585]
[18.8354260422852]
[459.38074751545486]
[22.318548458370852]
[105.51748456574587, 11.65221009777052]
[179.84677780805998]
[84.12537026684585, 12.145170315810555, 11.264022719612028, 8.78287675836393]
[18.479761850682827]
[11.694462199085793]
[39.44482679794501]
[907.3181928637375, 128.87696904772207, 262.2902915261249]
[59.199275339100915]
[68.88513305943675]
[12.053128461868809]
[44.00975478603117, 17.365658598792194]
[115.78940565034986, 39.92820939722595]
[12.921647016816644]
[42.7193191419074, 18.039131629243936, 11.86939100035276]
[18.482685249533205, 14.722570201808335, 12.663040424928058]
[16.49323582697296]
[7.74235345655029]
[61.709928072008836]
[121.86829409278238]
[20.626222439627682]
[9.640016137872639]
[67.28068773216809, 32.88109848872798]
[184.7709914765097, 49.267744063882006]
[16.129026298851578]
[7.826827251587496]
[46.48960326922191]
[45.78038313025227]
[55.62868029947241, 37.381640082226326, 10.158689553976258]
[30.87567034932526]
[36.4053879663227]
[15.621395290595732]
[9.502166632378204]
[101.64777194956086]
[53.10068939496001]
[14.969763217127936]
[18.559903043828015, 19.651573772152602]
[19.822922314531976]
[86.52151472705928, 9.249902005322564]
[65.63528848003007, 79.24344402301523, 26.28882785624976, 12.359769370362518]
[37.52643567925029]
[41.81048782114897]
[16.65533667199957]
[14.51293506392103]
[14.408930283361817]
[46.67064630745737]
[14.811271326582526]
[120.18322101426888]
[14.748074029566617]
[10.600496295430515]
[45.64835905906145]
[15.390261783630672, 23.88976546087956, 10.797411188616566]
[24.49445488260061]
[8.016778274364782]
[16.055601095229246]
[20.327571801762655]
[31.365004317125482]
[187.19536300302988, 20.36463458155776]
[54.21368079500926, 11.419072953923992]
[39.12835592456558]
[13.417812599533747, 16.39923833590712]
[10.007737427688225, 10.84604114564682, 17.096410341991596]
[10.92246274789362]
[352.575768799663, 128.50897558586334, 133.13703652352027]
[49.237220546007414]
[44.12754968960988]
[7.389183342880197]
[12.279550128076695, 30.057046227151368]
[80.92894540465495]
[87.56625865658418]
[10.425994795975445]
[11.15361828137152]
[162.2794110248233]
[15.474203539244538]
[31.693684223274015]
[7.546009123145563]
[7.395446138438109]
[25.945533909291555]
[36.153691316512095, 68.48949989716218]
[76.67971446717401, 68.74597381043606, 49.17329372846943]
[12.166058405571528]
[76.64687794500728]
[142.80002392914818]
[52.54596083379006]
[17.22592450849771]
[37.11192567889505, 11.99881109084057, 9.686301566244282]
[25.842919811545986, 28.69358054637359]
[22.3284474896882]
[63.601754954344244, 109.55737485485119]
[36.81654176014913]
[12.431858005002152, 53.38950391831676]
[70.86330673060341]
[12.417167262182733]
[55.26988381155769, 77.06000465641067]
[10.272740919063821]
[11.172473478514046]
[65.76997748055567, 13.518251425733443]
[36.536373375253056]
[16.660106643660022]
[28.29685528883296]
[130.10991556185354]
[35.75686640242699]
[29.61296507653375]
[56.13837321137097, 14.03613952155437, 10.519165608271855]
[15.985950603842513]
[58.79012696110761]
[43.55142689903117]
[18.738213427419897]
[56.44677448665725]
[215.77669415064315, 50.1171157245977]
[8.929064384912813]
[15.854287734935685]
[55.823560178637784]
[114.9380453805231, 112.3160275625837, 68.40541385149692, 57.07403774538758]
[31.402368617942678]
[26.680517149726818]
[10.364580306714013]
[15.905911871574073]
[13.765026097579913]
[14.363015582382095]
[772.5931166424554]
[19.967900977398976]
[73.02694369440756]
[77.79164728266561, 31.878185671063616]
[17.68802077149512]
[26.54155401226505]
[11.244472523305921]
[14.647947435015238, 9.104811165550506]
[13.172518493877806]
[9.482942577380475]
[32.35970302660621]
[44.60728334577339]
[29.834824568405576]
[8.897300620863025]
[12.576235280642335]
[19.769489800642603, 31.79364225230713, 21.248016660742238]
[28.253532631332114]
[20.132039366198384, 28.295894919949713]
[23.262120240365427, 42.48283374923929]
[16.73047164377122]
[11.619903578774146, 8.035372927079578, 14.978432370036744, 67.60395884924115]
[153.96895317695663]
[6.994482169194097]
[28.407355514827728]
[20.18279631690739]
[114.29624165047967, 31.287987439134977]
[15.094071682078866]
[136.0152267733001, 315.69104359291657, 40.04297841098559]
[29.055197186180703]
[29.826592674645834, 12.327084839711144, 10.46221759555896, 18.403558752796965]
[678.1317009134484, 14.169945881843146, 55.7219326684862]
[25.07105274893097]
[13.5501290822659]
[17.083815972688498]
[14.188506798116553]
[14.624602044922014, 22.769052271435218]
[85.27540312891342, 33.09831967744737]
[29.32827738304445]
[59.56594577545626, 105.16724096811343, 163.7817231696705, 23.303140552540157, 7.814572820359922]
[18.56717282599359, 11.03817879539075]
[11.966845644754576, 17.055310340362915, 13.241288432821122]
[18.977508570081756]
[6.6181734955514075]
[60.2816543220894]
[21.533669877301577]
[27.682693913479824]
[28.71782002586024]
[132.04040779766237]
[19.93327985403214, 58.446655074459755]
[59.26088425261836]
[8.975782429822074]
[16.518498196470812]
[107.46332474702325, 90.30019513182732, 15.333585000162191]
[267.30215981007524, 160.78778109412954, 88.94672938363492]
[32.624444780390256, 21.41137355208285, 55.13516732325249, 15.092556041747148]
[16.96050338787966]
[47.127342975280676]
[19.620164612833417, 29.262196341358404]
[34.3326760242855, 35.29218995045012]
[36.43942525699902, 18.086011071711123]
[173.57864185931263]
[46.716796658093294]
[15.871715342112985, 212.7117543560047, 94.982081917953]
[41.56140812235933, 39.57108706105058]
[19.562627935006024, 11.749383245081358]
[32.430955400106846]
[137.82438707493057, 21.51911054290176]
[76.50740661218893]
[14.563228157878267, 26.46068539238604]
[31.764421003339702]
[14.404573838801804]
[35.241881195997095, 30.388473974404537]
[34.9761013481054]
[38.18812419112678]
[11.518804145276647, 13.402998701207983]
[46.24649364214707]
[316.9235566234975, 171.59190284920942, 213.9284774320138]
[47.66178756912804, 17.428210760553785]
[53.895518933916705]
[87.85250060943534]
[30.36856855874747]
[9.771685325007814, 9.257657750671429]
[29.926328757405866, 23.921703451105348, 9.590530943333837, 15.14693993400538]
[15.33223631937001]
[18.007328234514326]
[7.510680096451638]
[57.15023305814362, 46.89586386281277, 8.875515947759665]
[14.561828709933875]
[9.252607974950429]
[27.484551245532273, 13.059289794136967, 20.296382479766418]
[71.35661225158555, 24.36789711888578]
[31.692196076172092]
[22.63172559721322]
[14.136715018885267]
[18.953460257524657, 21.270651384195105, 25.97313508379525]
[42.737520214798465, 41.474249304264745]
[43.259983492319435]
[111.49536680048682]
[54.04136068933095]
[11.514172510270862, 18.462532057991652]
[165.27901730237403, 23.188787955212298]
[16.25996549811937, 39.19666795764884]
[70.06751451496825]
[61.71343653231103]
[41.24392707148212]
[6.057061497461995]
[35.94589372352936]
[22.464079594618063]
[22.552976839803264, 31.396003647179736]
[16.711980522665975]
[13.341937119683273]
[21.4114083932542]
[155.0304814781904, 55.965463331637544]
[75.44462860337609]
[7.087578116160772]
[150.4478298409143]
[10.333433260255253]
[42.18551594343661]
[19.037591194839862]
[11.461582947163365, 9.372262724822725]
[12.501931802178744]
[13.224519621584335]
[12.943861774065113]
[48.2766762715449, 11.1565270370774]
[22.423326541511386]
[33.56199017784447]
[9.055289743887482]
[18.30858058942503]
[57.63924021027773, 16.440493842777407, 85.82307530260937]
[11.57939225805582]
[10.23724435768976]
[27.536515556586902, 21.074038947144714]
[11.736490852090107]
[13.171941857950316]
[12.53999801000013]
[518.9278568475486]
[19.185755089772424]
[218.04756841121926]
[224.72302633464832]
[13.521051799541187, 9.730848493115174, 14.87886058676463]
[149.9492258111464]
[24.605585629895042]
[69.99588801446913]
[22.10440684478847, 10.560705715367403, 47.425604027261045]
[10.098557946265132]
[34.75549134864606, 36.35832046451287, 10.648070197650101, 8.187595847428174]
[33.966058430233026, 105.661705510597]
[12.82108464974785]
[70.1314303992097, 56.26574168844285]
[50.38423226162872]
[43.856302072257506]
[9.884292508866778]
[43.42142290547294]
[15.101080729979309, 8.741551748727566]
[9.034979036027567, 25.546943859555153]
[57.3542128540193]
[21.671534930654886]
[12.834073833460634]
[22.353932909218603]
[14.588834486261504]
[15.168189070723232]
[24.452715069499423, 10.010256828557326, 34.18968643281069, 10.82006032663837]
[20.50294650280522, 77.28668164739395]
[23.62197889653297, 18.192258169450408]
[37.913132893303896]
[22.016608897480783]
[22.163177164112657]
[9.868291111233786]
[49.24769558159145, 44.24787388876643]
[94.05634134847548, 30.217546200327657]
[18.088302116973345]
[10.956834040750765]
[248.61263144512898, 51.63822803245268]
[21.78873216730287, 25.55122850263565, 14.682484333794436, 22.058876409711267]
[20.394826858931662]
[146.611354377803, 109.58139633987227, 110.01688879746898, 34.749596297657135]
[34.477103212686735]
[11.060802700607994]
[10.583131986862336]
[33.703108194693606]
[120.71570761830334]
[21.067031258686086, 10.846729544829481]
[9.172321735844083, 34.91094848636142]
[12.710223482295184]
[36.59252125514526, 28.58053674945412]
[31.955211501312476]
[12.088273340337993]
[241.08094783762252]
[46.807303822721266]
[15.985064532343793]
[11.295184018195984]
[101.1751151058706, 13.695778396165739, 45.659366414221125]
[32.24235247656909]
[10.580956519213299, 41.21804249044966, 57.30053923337188]
[14.070722436266724, 29.999232910289745]
[15.168809828945287]
[9.624102172911478]
[24.165869559194963]
[28.65609428776975, 47.940506469430666]
[55.49695942784419, 61.99977456176515]
[10.661979573504771]
[23.592336583056547, 41.582314334919786]
[29.056482588917607]
[16.212177296456264]
[43.001797889057414]
