[4304.3]
[5945.9]
[862.3]
[132.7]
[380.8]
[346.9]
[1741.5]
[915.7]
[4061.9]
[3003.8]
[2486.5]
[3535.6]
[1955.1]
[106.7, 38.2, 28.8]
[154.5]
[350.6, 11.5]
[19.6]
[40.2]
[30.1]
[287.8]
[252.8, 130.0, 100.5, 24.8, 17.2]
[189.5, 134.8]
[301.8]
[242.7, 81.7, 27.5, 22.4, 15.8, 11.9]
[251.9]
[186.7, 83.0, 55.3]
[57.4]
[95.1, 70.0]
[70.4]
[1118.9, 204.4, 291.3, 47.2]
[2590.1]
[526.1]
[125.9]
[473.2]
[116.9]
[312.7]
[198.3]
[168.3]
[144.2, 184.6]
[161.4]
[165.5, 112.8, 116.9]
[126.8, 50.6]
[166.7, 47.1, 8.7]
[88.4, 83.7, 14.4, 17.1]
[107.4, 50.6, 50.4, 14.7]
[62.0]
[355.7, 139.3]
[18.5]
[142.0]
[125.6, 114.9]
[60.2, 63.1]
[1077.8]
[1838.4]
[2040.7]
[603.0]
[1405.6]
[794.3]
[1225.3]
[437.5, 456.8, 67.5]
[235.7, 48.8]
[361.1]
[170.1]
[249.7]
[86.1]
[115.4, 178.0, 66.8]
[200.0]
[147.2, 97.1]
[105.3]
[243.5, 79.3, 80.8, 19.4]
[135.8, 141.4]
[201.1]
[77.5, 56.4, 163.5]
[119.3, 122.8, 128.0, 59.0, 83.1, 53.8]
[93.6, 16.3]
[68.4]
[178.6]
[109.3]
[100.3]
[93.6]
[76.2]
[132.0]
[95.4, 40.3, 33.8]
[107.1, 32.0]
[97.9, 23.2]
[86.4]
[59.4]
[71.7]
[54.4]
[155.3, 78.6]
[66.5]
[123.3]
[2833.1]
[1586.2]
[1549.0]
[1126.2]
[812.6, 69.1, 30.5, 24.8]
[1245.7]
[113.5]
[1287.4]
[1853.8]
[871.4]
[1429.9]
[856.3]
[1457.8]
[1654.9]
[1176.6]
[775.0]
[707.3]
[653.4]
[80.8]
[508.8, 282.3]
[190.1]
[391.2]
[448.2]
[226.8, 19.4]
[1315.8]
[373.0]
[423.7, 21.6]
[480.7, 15.3]
[112.5, 54.1]
[113.7, 43.9]
[74.3]
[362.1]
[304.6, 65.6, 34.0, 37.8, 29.7]
[108.6]
[70.9]
[93.4]
[64.1, 13.4, 13.0]
[145.9, 22.3]
[167.3]
[75.3, 23.2, 22.5]
[288.6]
[485.5, 274.5]
[179.5, 32.4]
[289.6, 32.2]
[46.7]
[101.1, 57.4, 63.6, 27.6]
[112.2]
[137.2, 68.6, 38.2, 32.4]
[132.1, 11.8]
[80.1]
[64.4, 16.3]
[1341.6]
[106.5, 9.4]
[35.4]
[48.7, 81.9, 43.5]
[125.8]
[32.3, 21.0]
[52.5]
[54.2, 15.0]
[108.9]
[60.8]
[62.1, 61.2]
[53.9, 69.7, 22.0]
[82.0]
[29.5, 20.4]
[77.3, 47.9]
[110.5]
[194.9, 35.2]
[244.7, 55.2, 9.8]
[84.7]
[111.0]
[190.3, 31.0, 12.2]
[84.9, 13.5]
[43.4, 51.1, 43.5, 16.4]
[167.6, 67.5, 35.0]
[99.5]
[106.9, 250.0]
[63.2, 26.1]
[77.3]
[52.6]
[80.9, 19.9]
[64.4]
[39.5]
[36.3, 22.9]
[94.1]
[71.6, 21.9]
[88.0]
[120.1]
[102.2, 5.2]
[79.7]
[35.6]
[39.0, 36.9]
[52.5]
[54.8, 46.4]
[81.8, 76.8]
[112.8, 57.4, 22.0]
[90.8]
[123.2, 50.9, 43.6]
[92.7, 12.5]
[46.1]
[286.0]
[97.0, 25.2]
[11.2]
[44.1, 15.3]
[58.6, 25.5]
[55.1, 18.2]
[54.2, 10.1]
[72.0, 12.3]
[26.8]
[41.8]
[48.7, 15.6]
[71.9, 35.0, 26.2]
[89.3, 41.6]
[138.5, 88.4, 27.3]
[122.9]
[128.3]
[49.5]
[97.5]
[145.5]
[61.7]
[42.5]
[355.0, 232.4, 43.5, 34.4, 22.7, 19.2, 24.4]
[40.9, 14.7]
[116.3, 17.4, 13.4]
[70.9, 22.3]
[84.5]
[273.7]
[51.6]
[135.4]
[384.0]
[324.3]
[27.4, 24.1]
[112.2, 32.9]
[150.4]
[85.8]
[92.9]
[577.1]
[12.9]
[56.7]
[44.1]
[73.6, 34.3]
[98.2]
[87.3]
[29.3, 12.2]
[42.7]
[68.0]
[257.2, 124.3, 44.7]
[171.0, 49.6, 21.8]
[101.6, 55.1, 32.3, 16.6]
[87.8]
[421.2]
[63.8, 31.9]
[183.8]
[157.3, 54.2, 11.6]
[276.1]
[1022.2]
[556.2]
[62.4]
[68.4, 40.7, 21.9]
[535.5]
[209.2]
[81.2, 11.1]
[72.7, 40.6]
[117.0]
[227.4, 287.6]
[123.1, 27.5, 30.7, 45.0, 18.8]
[590.6]
[90.5, 38.4]
[363.2]
[75.0, 65.4]
[53.3, 41.2, 21.2]
[80.3]
[58.8]
[40.4, 36.0]
[40.3, 38.9]
[100.3]
[44.1]
[120.0, 42.3]
[77.7, 52.5]
[103.0]
[82.4, 25.6]
[109.4]
[75.7]
[286.6, 87.1]
[245.2]
[87.6]
[114.8]
[212.5]
[53.1, 15.8]
[139.8]
[54.0]
[52.5, 31.5, 25.5, 16.6]
[48.7, 45.3]
[36.0]
[36.1]
[77.2]
[83.9]
[88.3]
[98.8, 82.1, 66.1]
[88.1]
[75.7]
[70.3]
[57.6]
[42.6]
[63.0, 544.2, 49.6, 18.5]
[50.8]
[45.1]
[43.9]
[50.9, 22.1]
[36.9]
[92.3, 79.2, 44.9, 40.4, 51.5]
[43.6]
[67.0]
[36.3]
[41.6, 27.1, 24.0, 22.1, 41.8]
[97.7]
[61.4]
[89.9, 60.8]
[80.1, 56.5, 25.8]
[51.8, 45.8, 22.7, 20.4]
[69.2, 23.8]
[48.1]
[63.1]
[115.7]
[95.6, 43.3, 49.0]
[47.2, 41.3]
[70.4, 33.1, 36.7, 12.2]
[111.1, 7.3]
[79.6]
[125.4, 43.8]
[105.9]
[153.3]
[82.6, 44.7, 42.4]
[30.6]
[363.9]
[83.7]
[46.8, 12.3]
[49.1, 44.5]
[152.4]
[51.0]
[64.2]
[56.2]
[43.4]
[47.0, 20.4]
[65.5, 30.8]
[59.6, 38.1]
[117.7, 9.1]
[58.1, 7.3]
[50.5]
[36.4, 33.0]
[47.0]
[35.9, 42.6]
[53.2]
[50.6]
[32.6]
[60.6]
[38.1]
[39.1, 171.0, 25.0]
[31.7, 9.3, 9.8]
[78.9, 44.7, 41.4]
[36.2, 17.3]
[31.6, 31.0]
[47.8, 47.1, 41.8, 33.9, 13.1]
[58.6, 21.3]
[70.5, 27.9]
[64.7, 22.8]
[42.5]
[24.9, 17.6]
[183.1]
[52.1, 37.9]
[69.8]
[101.6, 22.5]
[67.6, 29.8, 21.5]
[49.0]
[97.3, 60.2, 18.3]
[70.3]
[39.4]
[60.9]
[49.5]
[34.7, 30.1]
[40.9]
[39.0, 35.4, 18.7, 12.0]
[75.4]
[46.4, 30.0, 27.4]
[66.4, 21.5]
[45.3]
[45.9]
[40.5, 23.1, 17.4]
[40.5]
[98.1, 10.4]
[252.5]
[44.7]
[466.2]
[44.2, 49.9, 23.3]
[218.5]
[39.6]
[59.1]
[200.5]
[73.1, 95.4, 8.0]
[117.9]
[44.5, 39.6, 41.4, 18.8]
[67.2, 31.2, 44.2]
[58.9]
[53.0, 11.7]
[77.3, 30.4]
[52.2]
[38.5]
[1055.9]
[41.6]
[47.8]
[19.2]
[97.2, 73.7]
[43.9]
[59.9]
[58.3]
[28.5, 38.3]
[66.2, 10.5]
[67.9, 9.8]
[96.3]
[195.9]
[37.5, 13.6]
[78.4, 46.3]
[68.0, 60.0]
[75.4, 58.8, 18.5]
[46.9]
[77.9]
[41.1, 14.6]
[78.6]
[99.8, 60.8]
[43.1, 25.6, 14.1]
[97.6, 38.0, 27.2]
[74.2]
[205.8]
[42.5]
[41.5, 27.4, 19.6, 18.2]
[63.7, 95.0]
[22.6]
[201.9]
[206.7, 158.0]
[14.9, 20.5]
[73.4, 11.5]
[1208.1]
[58.5]
[92.6]
[76.1]
[825.0]
[15.1]
[64.4]
[38.4]
[95.3, 20.3]
[42.1, 36.0]
[36.5, 67.5]
[114.3]
[79.8]
[46.7]
[103.1]
[51.8, 42.0, 30.5, 25.0]
[99.7, 73.0, 46.3, 19.3, 11.4]
[58.4]
[117.3, 66.5, 57.6, 48.8, 27.3]
[85.7, 55.1]
[67.3]
[49.0, 23.2, 20.8]
[71.3, 47.4, 47.5]
[160.3]
[119.6]
[36.3, 14.6]
[84.8, 74.4, 34.1]
[82.1, 26.9, 42.9, 35.6]
[45.5, 28.1, 20.1, 16.3]
[50.1]
[51.2]
[59.3, 50.8, 51.4]
[51.8]
[288.5]
[39.4, 25.3, 26.0, 23.7]
[128.2, 10.4, 12.6]
[68.5, 41.7, 23.9, 16.1]
[64.5, 14.9]
[51.9]
[40.2, 24.2]
[51.4, 41.3]
[65.2]
[36.2]
[87.2]
[65.4]
[60.6, 28.9, 14.1]
[34.3, 10.2, 10.1]
[28.2]
[35.8, 25.8]
[40.9]
[66.5, 40.2, 15.0]
[161.9, 51.2, 47.1]
[33.2]
[80.0, 19.1]
[696.5]
[29.5]
[141.1]
[43.4]
[128.6]
[1406.8]
[61.8]
[34.7]
[28.9, 38.7, 21.7]
[345.2]
[36.9]
[38.9]
[82.4, 13.7]
[71.0]
[221.1]
[312.1]
[37.1, 30.3]
[35.8]
[35.6]
[71.1, 37.9, 11.4]
[48.2]
[47.6, 20.1]
[277.2]
[38.9]
[50.8]
[183.6]
[103.6]
[64.5, 51.5]
[799.7]
[340.5]
[53.9]
[138.8, 347.2]
[1009.3]
[70.6]
[78.5]
[71.6, 35.2, 26.0, 15.9]
[370.8]
[32.1]
[76.8]
[113.2]
[27.5, 17.9]
[56.4]
[37.8]
[166.0]
[39.3, 21.3]
[70.8]
[46.1, 28.5, 39.7]
[1996.7]
[266.3, 49.1, 35.1, 19.9, 19.4]
[48.9, 20.9]
[38.4, 22.8]
[568.2]
[86.6, 117.2, 24.8]
[52.7, 51.7]
[240.6]
[116.1]
[74.6]
[748.1]
[160.9]
[49.2]
[482.3]
[99.5]
[35.9]
[54.4, 25.7]
[27.4]
[907.8]
[561.1]
[59.4, 10.7]
[30.7]
[64.8]
[86.1, 37.8, 21.1]
[223.5]
[62.6]
[271.8]
[53.0, 45.5, 22.6, 30.5]
[62.8, 51.8]
[247.9, 29.2]
[39.7]
[60.8, 21.9]
[157.8]
[87.2, 57.6, 14.9]
[53.3]
[88.0, 155.5, 59.3, 41.4]
[62.4, 46.8]
[1011.6]
[175.2, 52.7, 41.6]
[48.5, 31.0, 18.2]
[50.4]
[388.2]
[435.9]
[71.9]
[64.5, 15.0]
[45.1]
[123.8, 86.2, 12.0]
[1072.1]
[58.0, 41.4, 36.9]
[44.4, 37.8, 30.9]
[46.2]
[210.5]
[182.1]
[431.4]
[42.6, 25.4, 21.6, 28.1, 21.4]
[47.7, 23.8, 12.9]
[55.9, 44.8, 21.2, 22.7]
[633.4]
[77.4]
[36.4, 15.4]
[64.5, 14.2]
[1669.1]
[48.1]
[123.5]
[690.3]
[49.9]
[55.0, 60.7, 25.6]
[48.1]
[79.7]
[26.6]
[128.3]
[69.2]
[502.3, 10.1]
[1173.9]
[81.1, 25.6, 26.7]
[117.0, 78.7, 37.5, 18.2]
[124.7, 87.8]
[45.1]
[51.0, 25.3, 16.7]
[30.6, 25.2, 22.7, 21.9]
[293.7]
[116.2, 45.5, 56.7]
[53.2]
[50.7]
[156.5]
[27.3, 28.9]
[53.8]
[35.6]
[66.7]
[607.4]
[116.2, 41.9]
[56.6, 44.8, 46.4, 28.6, 45.3]
[166.3]
[59.1, 39.3]
[54.3]
[120.9]
[60.0]
[2981.3]
[111.4, 150.4, 56.9]
[267.4]
[71.2]
[53.6]
[76.7]
[19.4]
[38.4, 17.4]
[41.0]
[41.9, 26.3]
[32.4]
[26.2, 11.4]
[23.0, 19.4]
[20.0]
[41.9, 14.0]
[54.8, 29.0]
[23.4]
[155.0]
[23.1]
[35.9]
[50.4, 19.0, 11.1]
[46.0]
[29.5]
[51.7]
[33.6]
[19.3]
[15.6]
[73.5, 39.7]
[29.8]
[29.8, 17.7, 15.5, 11.8]
[21.1, 15.5]
[37.3]
[21.6]
[33.4, 20.9, 22.8, 15.7]
[28.3]
[717.4]
[537.7]
[74.0, 29.5]
[31.5, 30.5]
[38.0]
[100.8]
[269.8]
[47.8, 39.6, 28.9]
[19.0, 16.2, 16.5, 12.2]
[21.6, 9.6]
[12.6]
[36.1]
[318.3, 90.1]
[43.2]
[79.7]
[54.7]
[10.5]
[31.7, 32.2, 16.9, 15.1]
[57.9]
[37.5, 10.9, 10.0]
[41.0, 27.2, 24.5]
[24.8]
[35.2]
[42.2, 36.1]
[38.7]
[38.0]
[38.9]
[19.1]
[34.1, 10.7, 12.1]
[82.6]
[16.9]
[177.2]
[202.2]
[20.8]
[27.9]
[33.1]
[18.3]
[27.7, 14.3]
[38.7]
[36.7, 25.6, 13.9, 12.0, 12.0]
[1441.9]
[61.9]
[38.0]
[35.1, 24.6, 25.6]
[97.4]
[34.7, 28.6]
[56.3, 11.4]
[20.8]
[93.4]
[32.2]
[25.5, 23.6]
[1252.5]
[37.0]
[71.6]
[28.1, 14.9]
[18.4, 11.8]
[31.3, 16.4, 18.5]
[34.5]
[19.6]
[22.6]
[25.3, 23.0, 12.2]
[28.0]
[38.6]
[31.0]
[26.8]
[18.5]
[18.0]
[49.1, 38.2]
[36.8]
[42.5]
[24.4]
[32.3, 24.1]
[527.8]
[58.4, 45.9, 30.5]
[44.0]
[46.9, 29.2]
[48.9, 32.9]
[60.9, 45.3]
[163.2]
[48.3]
[25.3]
[95.5]
[241.9]
[96.8, 30.0, 21.8]
[162.3, 18.1]
[40.1]
[58.0]
[120.4]
[53.0, 27.5]
[370.2]
[62.6]
[99.5]
[47.7, 17.6]
[39.4, 40.5, 13.2, 13.3]
[55.2, 19.8]
[20.4]
[63.0]
[37.5]
[212.5]
[2590.6]
[42.1, 18.0]
[116.2]
[95.8]
[30.4, 28.9]
[48.3]
[66.7]
[17.0]
[23.3, 14.3]
[22.1, 20.6, 17.4, 14.6]
[33.0, 28.7]
[42.8]
[50.6]
[31.7, 11.6]
[54.9]
[25.8]
[36.9]
[36.3]
[28.5]
[343.4]
[247.8]
[150.9]
[52.0]
[32.6]
[25.5]
[36.3, 17.4, 20.9]
[76.9]
[26.6, 24.7, 19.0, 14.3]
[30.1]
[31.3, 14.7, 10.2]
[26.7]
[28.4]
[25.6, 27.4]
[25.9]
[544.7, 23.4, 10.6]
[81.8]
[57.3]
[63.9, 30.7, 19.9, 19.6]
[55.2, 76.6]
[40.8, 29.3, 13.2]
[51.8]
[32.3]
[26.4, 15.2]
[26.2, 32.1, 27.8, 19.6, 17.5]
[50.7, 29.1]
[53.8]
[31.9]
[28.1]
[81.7]
[20.9]
[35.3]
[92.3]
[31.6]
[40.6, 19.6]
[44.8]
[38.1]
[28.3]
[27.8]
[33.2]
[25.9, 11.9]
[23.7]
[57.0]
[32.5]
[30.8]
[42.6]
[113.4]
[57.9]
[32.7, 23.4, 17.2]
[171.4]
[107.9]
[41.1, 34.4, 16.8, 13.0, 13.3]
[39.9]
[65.9]
[50.0]
[73.4, 161.5, 106.2]
[31.1, 9.1]
[99.8]
[49.4]
[40.3, 21.3, 27.5]
[197.9]
[34.5, 16.6, 18.0, 15.0]
[20.1]
[23.9]
[56.4, 34.4]
[26.8, 24.6, 20.2]
[15.5]
[44.0]
[234.6]
[19.0]
[20.7]
[75.3]
[33.8]
[36.3]
[91.6]
[334.8]
[392.3]
[461.5]
[76.6]
[237.1]
[59.7]
[142.8]
[97.2]
[300.7]
[35.3, 31.9, 14.6]
[44.4]
[82.8]
[339.4]
[46.8, 9.9]
[55.1]
[148.1, 37.9]
[45.1]
[34.3]
[35.3]
[20.2]
[49.2]
[36.6, 15.8]
[71.5, 11.6, 12.1]
[30.8]
[72.3]
[26.3]
[40.9]
[33.2]
[29.7]
[35.1]
[36.7]
[42.8, 27.2]
[40.6]
[62.0]
[30.7]
[20.2, 11.0]
[41.5]
[31.6]
[37.1, 10.4]
[33.3, 10.1]
[18.0]
[26.0]
[26.2]
[23.3, 13.9]
[38.4]
[35.3]
[51.3]
[30.8]
[34.7, 16.6]
[37.7]
[25.4]
[27.6]
[202.0]
[538.0]
[990.3]
[128.1]
[196.6]
[185.5]
[265.4]
[114.7, 63.1, 37.7, 22.2]
[13.8]
[51.9, 34.7, 20.6, 20.4]
[119.5]
[48.2, 28.2, 34.8, 28.9]
[36.8]
[57.4]
[53.1]
[123.9, 23.7]
[232.2, 28.3, 17.6, 9.6]
[69.3, 51.2]
[22.4]
[39.5, 27.1]
[66.5]
[36.1]
[23.2]
[34.3]
[36.3]
[52.6]
[37.7, 33.6, 25.3, 16.7, 16.7]
[23.6, 17.0, 12.5]
[25.5]
[18.3, 18.4]
[40.3]
[26.4, 22.6]
[48.5]
[70.0, 37.9, 14.9]
[24.5, 22.6]
[36.5, 28.7]
[21.8, 12.3]
[32.9]
[40.9]
[34.3, 20.3, 15.2]
[43.4]
[23.2]
[28.4, 10.6, 11.1]
[37.6]
[28.9]
[12.4]
[13.6]
[46.1]
[46.8]
[51.3]
[31.3, 15.9, 10.4]
[47.1, 22.4]
[26.4]
[19.5]
[27.7]
[17.9]
[22.4]
[15.4]
[24.3]
[15.0]
[28.9, 17.9]
[15.0]
[21.2]
[39.6, 36.7]
[19.6]
[54.4]
[15.4]
[1109.7]
[18.8]
[15.7]
[20.1]
[40.2]
[21.3]
[23.8]
[25.0]
[25.6]
[22.9, 11.7, 11.8]
[21.7]
[45.0]
[30.6]
[27.0]
[126.1, 18.0]
[59.5]
[43.0]
[16.6]
[31.1]
[20.5]
[47.7]
[42.1]
[21.1]
[56.7]
[28.7, 18.1]
[21.7]
[26.7]
[22.7]
[32.2, 33.8]
[56.5]
[33.9]
[32.6]
[21.7]
[37.2, 12.7]
[21.2]
[27.2]
[22.9]
[31.9]
[33.2]
[3.3]
[88.0]
[109.8]
[69.9]
[153.0]
[14.9]
[27.1]
[17.6]
[22.1]
[32.9]
[20.7]
[20.8]
[20.1]
[23.6, 12.8]
[70.9]
[19.8]
[30.8]
[20.7, 12.7]
[19.5]
[102.8]
[28.2, 10.5]
[246.6, 115.1, 66.0]
[149.9, 53.5]
[196.6]
[124.4]
[111.3]
[103.7]
[328.0, 47.8]
[190.4]
[118.8]
[17.4]
[16.5]
[59.5]
[7.2]
[43.1, 21.6, 25.6]
[18.8, 16.6]
[284.3]
[43.5]
[62.2, 65.6]
[54.1]
[54.0]
[94.6, 9.2]
[72.0]
[43.1]
[20.8]
[47.9, 22.3]
[31.3]
[70.6]
[77.4, 76.1]
[22.4]
[57.2]
[45.6]
[51.8, 62.1]
[56.8, 25.9, 17.1]
[42.5, 17.4, 16.2]
[33.9, 28.5, 20.2]
[49.8, 59.7, 29.7]
[38.9, 24.5]
[9.9]
[40.0, 14.0]
[48.6, 9.6]
[44.9]
[23.6]
[45.0, 9.2]
[56.3, 43.2]
[51.8]
[53.3]
[47.6]
[46.1]
[49.8]
[37.1]
[30.4]
[51.7]
[50.0]
[34.1]
[55.0]
[57.6]
[31.5]
[61.0, 45.5, 29.3]
[47.5]
[47.7]
[36.0]
[53.3]
[40.6]
[43.7, 37.0, 29.3]
[42.6]
[44.3]
[43.3, 34.2]
[38.7]
[43.4, 15.4]
[41.2, 20.6]
[38.8, 46.6]
[40.1]
[35.1]
[39.3]
[48.5]
[83.7]
[42.1]
[37.1]
[31.7]
[16.7]
[37.8]
[32.1]
[46.1]
[37.5, 18.2]
[48.0]
[39.0, 18.3]
[35.0]
[40.8]
[90.6]
[21.8, 20.3, 11.8]
[38.5]
[41.2]
[35.3, 8.9]
[36.4]
[36.6]
[24.9]
[32.5, 20.0, 20.7]
[42.6]
[38.3]
[33.2, 21.0]
[41.7, 32.7, 21.3]
[38.2, 10.3]
[31.8]
[38.2]
[26.2]
[41.2, 18.9]
[42.6, 52.0, 20.2]
[34.0]
[40.9, 9.1]
[49.8]
[43.1, 42.3]
[34.3]
[21.5]
[30.0]
[53.1]
[45.1, 40.8]
[62.5, 48.9, 50.5, 29.4]
[27.5, 14.6, 17.1]
[15.9, 10.5]
[39.7]
[40.1]
[21.7]
[89.3]
[53.4]
[25.3]
[32.7]
[43.5, 10.2]
[37.6]
[23.3]
[36.1]
[38.1]
[30.6]
[33.6]
[42.6]
[34.6, 24.4, 16.0, 22.8]
[45.4, 41.6, 24.1, 22.0]
[84.4]
[22.5]
[34.7]
[38.2, 16.9]
[40.9]
[36.4]
[32.9]
[24.6]
[33.3]
[35.1]
[39.9]
[34.0]
[26.9, 23.3]
[26.8]
[39.8, 18.9]
[30.3]
[30.1]
[34.6]
[40.1]
[22.3, 11.8]
[38.4, 28.6]
[36.8]
[41.9]
[21.5]
[17.4]
[31.5]
[45.5]
[33.7, 16.0]
[57.8]
[34.7]
[37.6]
[38.2, 14.9]
[43.5]
[37.6, 9.5]
[35.5]
[33.6]
[31.2]
[17.3]
[15.7]
[35.6, 18.4, 9.3]
[39.9]
[34.0]
[17.6, 12.5]
[35.7]
[37.5]
[25.2, 13.9]
[27.0, 16.2]
[30.0]
[42.6]
[39.8]
[11.6]
[24.7, 10.9]
[34.2]
[42.1]
[27.2]
[8.9, 6.8]
[27.7]
[37.5]
[43.5, 38.1, 19.9]
[22.5]
[29.8, 23.2, 13.7]
[17.5, 13.6, 8.1, 7.2]
[24.2]
[26.2]
[32.8]
[35.0, 7.0]
[8.6]
[27.6, 14.8]
[20.2, 16.7, 15.2]
[28.5, 30.0, 11.4, 9.9]
[26.1, 11.5]
[27.1]
[30.0]
[35.6]
[40.8]
[32.1, 14.1, 11.5]
[61.5]
[29.0]
[29.0]
[48.7]
[6.0]
[38.0, 14.1]
[7.7]
[32.7, 34.3]
[37.4, 23.9, 18.9]
[33.8]
[28.5]
[34.1]
[26.8, 11.1]
[33.5]
[12.6]
[28.8]
[30.0]
[35.6]
[24.9]
[26.4]
[35.7]
[20.9]
[44.0]
[24.3]
[35.2]
[27.8, 28.1, 21.8]
[28.4]
[23.2]
[33.6, 93.8]
[23.8, 25.2]
[28.9]
[24.7, 20.5]
[53.4]
[27.3]
[25.0]
[23.3]
[27.2, 29.6, 15.9]
[20.9]
[35.4]
[32.7]
[30.2, 31.6, 12.9]
[35.5, 17.8, 16.2]
[26.0, 16.6]
[28.4]
[23.6]
[19.1]
[30.5, 25.6]
[23.8]
[24.6]
[23.9]
[20.2]
[26.5, 10.3]
[45.5]
[25.4]
[18.9]
[20.7]
[34.7]
[22.8]
[20.9]
[27.0, 23.8]
[34.3, 28.3]
[31.9]
[32.7]
[40.5]
[21.3]
[38.2]
[22.3]
[21.5]
[31.0]
[26.6]
[18.1]
[25.9]
[30.4]
[27.0]
[19.5]
[26.8]
[21.9]
[63.6]
[23.8]
[36.2, 15.0, 21.1]
[24.9]
[29.9]
[27.7]
[23.1]
[25.2]
[27.2]
[29.3]
[25.9, 9.7]
[32.3, 25.8, 14.9]
[25.5]
[30.1, 12.0]
[25.7]
[25.2, 19.3]
[27.8]
[31.6]
[33.3]
[22.8, 12.3]
[24.5]
[25.0]
[24.3, 13.9]
[25.3, 18.7, 8.9]
[25.1]
[19.5]
[27.8, 17.7]
[24.5, 22.6]
[21.0, 18.6, 13.7, 6.6]
[12.8]
[22.2, 8.7]
[22.4, 15.4]
[23.4, 16.3, 10.5, 8.1]
[39.2, 29.5]
[22.6]
[27.3, 27.0]
[22.7]
[12.0]
[26.4]
[19.7, 20.0]
[11.0]
[26.5]
[33.2]
[32.2]
[21.1]
[34.6]
[24.0, 27.3, 11.1]
[26.9, 16.6, 17.0]
[21.9]
[18.3, 10.1]
[20.1]
[34.8]
[20.7]
[18.0]
[24.8]
[21.9]
[24.7, 11.0]
[23.7, 25.9]
[28.3]
[23.9]
[20.4]
[18.2]
[20.2]
[27.5, 11.6]
[23.4]
[24.4, 26.1, 27.2, 13.2]
[22.6]
[8.6]
[35.3]
[24.0]
[22.2]
[26.1]
[22.0]
[19.1]
[25.7, 9.4]
[21.8, 14.0]
[23.9]
[25.2]
[17.6]
[25.1]
[27.6, 18.3, 12.7]
[23.2]
[22.3]
[20.8]
[16.5, 18.3, 8.4]
[38.0, 31.0]
[21.8]
[22.0]
[23.5]
[31.2]
[24.1, 13.1]
[19.4]
[25.8]
[27.3]
[26.5, 26.7, 11.9]
[20.4, 12.2]
[25.2]
[23.7]
[11.8]
[24.1]
[27.1]
[24.5, 17.7]
[25.5, 16.0]
[23.7]
[28.7]
[22.4]
[24.0]
[21.5]
[18.1, 13.3]
[20.3]
[21.1, 20.9]
[22.6]
[23.2]
[22.2]
[19.4]
[14.5]
[24.0]
[19.8]
[17.9, 10.9, 9.0]
[22.1]
[28.9]
[22.4]
[15.9, 9.7]
[21.4]
[17.6]
[24.2]
[20.8]
[23.1]
[22.4]
[15.8]
[19.3]
[28.5]
[16.3]
[25.4]
[18.2]
[18.6]
[21.3]
[21.6, 8.3]
[10.8]
[36.0]
[22.8]
[22.3]
[31.2]
[27.5]
[29.8]
[22.0, 18.6]
[20.6]
[21.8]
[21.3]
[20.4]
[21.4]
[23.4]
[21.7]
[21.4]
[23.8]
[50.9]
[20.8]
[23.6]
[19.2]
[24.5, 32.2, 18.2]
[25.7]
[32.6]
[26.5]
[17.0]
[20.7, 13.3]
[31.8]
[20.7]
[17.7]
[20.2]
[21.0, 14.0]
[21.6]
[17.3]
[16.9]
[22.0, 9.2]
[19.1]
[22.1]
[23.3]
[17.3]
[20.3, 15.2]
[19.9]
[15.3]
[14.3]
[17.3]
[17.7]
[13.0]
[24.5]
[24.0]
[25.4]
[15.4]
[22.2, 29.5]
[20.0]
[37.1]
[17.7]
[18.5]
[21.0]
[19.7]
[16.3]
[15.3]
[21.3]
[23.7]
[22.5]
[68.3]
#[missing]
[21.2, 13.7]
[22.2, 15.9]
[26.1]
[9.3]
[22.8]
[15.1]
[16.8]
[20.3, 10.4]
[15.9, 9.8]
[20.9, 11.9]
[17.1]
[15.6]
[16.3]
[15.8]
[28.5, 28.8, 16.4, 12.8]
[14.9]
[20.4]
[16.4]
[25.2, 9.8]
[17.1]
[18.0, 12.9]
[18.5, 12.7]
[17.2]
[16.0]
[26.7]
[19.7, 9.1]
[21.6, 10.7]
[23.2]
[15.9]
[19.0, 20.1]
[16.0]
[22.6]
[27.1]
[18.8]
[21.4, 14.9]
[17.6]
[18.1]
[23.9]
[16.1]
[23.0]
[18.0, 11.8]
[19.3]
[28.4]
[33.4]
[14.1]
[16.3]
[19.5]
[16.7, 17.9, 16.0]
[24.6]
[21.4]
[19.4]
[25.3]
[17.8]
[23.3]
[22.9]
[35.3]
[20.5]
[17.3]
[14.4, 12.5]
[21.9]
[23.3]
[19.9]
[14.7]
[19.4]
[16.1]
[20.2]
[17.8]
[16.9]
[17.6]
[17.7]
[21.4, 15.2]
[20.6]
[18.9, 10.7]
[15.4]
[15.7]
[19.1]
[20.1]
[21.2, 14.2]
[22.5]
[19.8]
[17.3]
[26.1]
[23.8, 10.7]
[13.5]
[19.6]
[15.8]
[20.6, 17.9]
[20.4]
[21.4]
[18.3]
[20.9]
[18.4]
[8.1]
[17.3]
[13.8]
[12.8]
[18.1]
[10.2, 17.5]
[12.4]
[18.7]
[19.2]
[15.8]
[17.2]
[17.6, 10.6]
[21.3, 9.7]
[12.9]
[25.6]
[17.9]
[88.7]
[33.2]
[17.1]
[18.4, 16.2, 12.6]
[18.8]
[12.9]
[19.5]
[15.6]
[19.2, 11.2, 10.5]
[22.9]
[15.7]
[18.9]
[20.9]
[19.4]
[14.7]
[22.4, 13.1]
[17.0]
[20.3, 15.2]
[15.6, 15.3, 15.2]
[15.7]
[16.5]
[21.1]
[14.8]
[31.1]
[14.2]
[23.6, 21.3]
[13.7, 10.9]
[13.2]
[17.6]
[15.9]
[14.9]
[17.9]
[17.5]
[13.2, 8.9]
[20.7]
[11.4]
[17.0]
[14.1]
[17.4]
[21.4]
[22.0]
[18.0]
[16.2]
[11.9]
[12.4]
[19.8]
[11.8]
[15.5]
[15.8]
[14.8]
[15.7]
[11.5, 11.2]
[21.3]
[15.4]
[15.7]
[15.1]
[15.1]
[20.4]
[16.7]
[20.7]
[14.6]
[15.0]
[16.9]
[36.7]
[63.1, 34.1]
[175.2, 17.0, 25.5]
[55.1, 19.2]
[92.3]
[40.2, 2.8]
[48.5]
[73.2, 11.4]
[110.9]
[69.3]
[14.2, 14.8]
[78.0]
[48.0]
[20.8]
[62.8]
[36.9, 22.9, 29.1]
[53.6, 25.8]
[13.2]
[54.6, 27.0]
[64.6]
[50.4]
[29.9]
[36.1]
[50.5, 24.3]
[37.1]
[14.6]
[34.9, 15.2, 20.0]
[27.3]
[23.5, 13.5]
[11.9]
[39.0, 36.2, 21.1]
[65.6, 36.0, 20.5]
[31.6, 17.0]
[79.7]
[20.8, 7.7]
[30.7]
[27.9]
[20.1, 17.4, 18.6, 15.3, 9.3]
[30.7]
[30.5]
[28.4]
[26.2]
[33.8, 31.6, 20.0, 14.9]
[17.4]
[20.3]
[26.3]
[23.1]
[25.3, 10.5]
[23.6]
[21.4]
[26.7, 8.8]
[26.9]
[20.1]
[28.2, 17.7]
[37.1]
[20.2]
[21.6]
[23.7]
[21.3]
[26.5]
[26.7]
[99.9]
[22.9]
[21.6]
[29.3]
[21.7]
[12.7]
[24.3]
[19.1]
[22.1]
[23.7]
[20.0]
[20.6]
[35.4]
[28.4]
[19.9]
[22.6]
[20.0]
[22.1]
[37.0, 26.7]
[21.9]
[23.2]
[23.0]
[24.4]
[17.6]
[15.9]
[20.6]
[18.0]
[20.2]
[14.8]
[28.6]
[16.1]
[18.9]
[21.0]
[16.5]
[14.4]
[20.9]
[12.6]
[23.2, 17.6]
[20.0]
[35.3]
[16.6]
[12.5]
[20.0]
[22.5]
[18.2]
[24.3]
[17.4, 15.5]
[19.8]
[18.1, 12.7]
[17.3]
[48.6, 25.4, 26.0]
[17.7]
[23.9]
[16.1]
[13.9, 9.7]
[22.4]
[18.9]
[19.8]
[20.1]
[19.9, 14.2]
[15.6, 13.9, 11.1, 13.2, 10.8]
[17.8]
[12.1]
[17.2]
[15.9]
[17.5]
[19.3]
[15.1, 14.4, 8.3]
[38.0]
[16.7]
[16.2]
[20.0]
[19.3]
[21.2]
[14.5]
[14.0]
[15.8]
[13.2]
[17.1]
[30.0]
[15.6, 11.2, 10.7]
[19.7]
[17.2]
[26.3]
[15.7]
[18.5]
[15.4]
[10.6]
[15.3]
[16.7, 11.9]
[17.9]
[23.8, 22.6, 22.7, 18.6, 16.3]
[17.1]
[20.5]
[15.5]
[13.7]
[17.5, 17.0]
[20.8]
[16.0]
[20.1]
[19.0]
[11.8, 10.3]
[11.9]
[16.8]
[11.7]
[16.2]
[17.5]
[12.2]
[13.6]
[19.7, 12.8]
[16.9]
[19.5]
[18.4]
[14.8]
[18.1, 15.2]
[15.2]
[13.8]
[17.7, 16.8]
[16.4]
[14.6]
[11.0]
[15.8]
[16.2]
[19.2]
[17.1]
[15.7]
[16.5]
[14.8]
[25.3]
[13.7]
[12.8, 9.8]
[18.8]
[11.9]
[16.0]
[13.6]
[15.4]
[14.6]
[17.8]
[15.4]
[11.9]
[16.1, 9.1]
[15.0]
[14.1, 11.5]
[13.8]
[15.2]
[11.9]
[11.0, 11.1]
[12.2]
[18.1]
[15.1]
[14.2]
[14.2]
[16.6]
[13.6]
[12.5]
[12.7]
[13.2]
[16.4]
[15.5]
[13.3]
[16.1]
[12.2, 15.7]
[14.7, 8.6]
[13.6]
[19.4, 18.9]
[12.5]
[14.0]
[13.1]
[11.7]
[14.0]
[13.2, 10.0]
[14.3]
[13.9]
[13.5]
[15.2]
[11.9, 10.3]
[12.0]
[11.2, 8.5, 10.1]
[16.5]
[13.3]
[12.2]
[15.9]
[13.5, 8.3]
[14.3]
[18.0]
[13.1]
[17.2]
[15.1, 14.7, 13.0]
[14.3]
[14.2]
[12.8]
[12.8]
[17.8]
[14.1]
[12.4]
[14.2, 11.4]
[11.3]
[16.7]
[14.4]
[16.8]
[12.9]
[10.9]
[19.7]
[15.2]
[14.9]
[13.1]
[16.3]
[14.2]
[15.7]
[12.3, 11.7]
[14.3]
[13.6]
[12.6]
[9.6]
[13.8]
[11.7]
[12.3]
[16.0]
[15.7, 14.8]
[13.9]
[15.2]
[9.7]
[21.6, 24.4, 26.8, 24.4, 25.8]
[22.1]
[15.1]
[8.6]
[14.4]
[13.0]
[12.1]
[16.6]
[12.5, 13.2]
[2.9]
[20.7]
[25.9]
[11.4]
[15.7]
[27.8, 19.6]
[22.9, 12.1]
[54.3]
[9.5]
[8.8]
[17.9, 11.3]
[11.7]
[5.5]
[10.5]
[8.9]
[17.4]
[28.7]
[12.0]
[27.1]
[11.3]
[11.3]
[22.7]
[18.7]
[16.4]
[131.0]
[11.9]
[17.0]
[14.1]
[16.2]
[12.6, 11.2]
[9.6]
[18.2]
[13.9]
[13.6]
[13.7]
[17.8]
[13.0]
[14.5]
[11.3]
[21.9]
[25.7]
[16.2]
[17.7]
[11.0]
[20.3]
[20.5]
[13.1]
[11.1]
[25.9, 15.9]
[95.9]
[20.0]
[16.4]
[11.6]
[15.8]
[17.0]
[38.0]
[10.3, 6.4]
[24.9, 29.4, 18.1]
[12.5]
[9.9]
[13.5]
[13.0]
[14.7]
[13.6]
[21.6]
[12.2, 15.4]
[16.4, 12.3]
[10.9]
[14.5, 16.0, 10.4]
[11.6]
[21.5]
[15.7]
[16.2, 9.7]
[20.8]
[15.1]
[16.1]
[9.6]
[12.9]
[13.8]
[39.5]
[19.8]
[29.0]
[12.6]
[10.6]
[10.7]
[5.8, 7.5]
[13.8, 12.3]
[17.7]
[13.3, 11.7]
[12.1]
[12.4]
[17.3]
[14.4]
[11.7, 28.3]
[13.2]
[12.6]
[15.1]
[14.1]
[11.4]
[12.5]
[12.6]
[16.3, 25.0, 9.5]
[11.9]
[29.4, 16.4]
[13.0]
[17.8]
[15.6]
[14.6, 10.9]
[18.2]
[7.4]
[14.2]
[20.8]
[18.9]
[11.2, 10.8]
[12.3]
[22.9, 17.4, 13.2]
[13.9]
[9.8, 18.5, 8.0]
[11.2]
[15.1]
[28.7]
[10.4]
[18.6]
[14.9, 11.4]
[17.1]
[24.3]
[20.0]
[13.7, 9.2]
[22.3]
[12.6]
[11.8]
[11.6]
[17.8]
[11.8]
[12.6]
[15.5]
[11.5, 10.7]
[11.3]
[14.6]
[13.5]
[23.8]
[12.1, 14.3]
[10.6]
[27.4]
[15.3]
[13.2]
[9.6]
[13.1]
[13.3]
[11.9]
[17.0]
[19.1]
[15.4]
[14.8]
[10.4, 9.7]
[15.5, 10.3]
[26.8]
[33.9, 12.1]
[8.5]
[13.0]
[6788.8]
[4257.4]
[3162.0]
[1500.7]
[159.3]
[696.0]
[526.1]
[380.9]
[1244.4, 21.6]
[562.8]
[40.1]
[385.7]
[552.8]
[56.4]
[12.1]
[170.1]
[185.3]
[118.1]
[56.8]
[181.0, 121.2]
[217.4]
[96.8]
[69.1]
[81.6]
[10.9]
[56.3]
[54.5]
[53.3]
[236.8]
[36.3]
[41.6, 17.3]
[47.4]
[43.8]
[37.2]
[69.3, 9.6]
[98.9]
[35.1]
[33.7]
[36.6]
[32.4]
[23.1]
[51.5]
[34.6]
[24.3]
[87.0]
[28.9]
[43.4, 18.3, 14.6]
[31.5]
[32.7]
[33.5]
[11.4]
[15.8]
[76.3]
[56.8]
[11.8]
[28.0]
[25.5]
[33.7]
[20.9]
[29.7]
[22.4]
[27.7]
[20.3]
[18.7]
[17.9, 9.1]
[44.1]
[27.7]
[20.6]
[22.6]
[14.0, 7.5]
[25.2]
[6.8]
[20.4, 17.3, 19.2, 19.5, 15.2]
[18.6]
[15.3]
[23.3]
[59.6]
[21.0]
[8.1]
[24.5]
[23.9]
[24.6]
[24.8]
[18.1]
[23.7]
[21.4]
[20.9]
[17.1]
[16.1, 9.3]
[24.1]
[18.6]
[19.5]
[20.2]
[13.6]
[17.4]
[21.0, 10.5]
[18.7]
[15.9]
[15.8]
[18.0]
[20.6]
[16.5]
[11.1]
[14.2]
[15.2, 15.5]
[15.6]
[17.8]
[18.3]
[18.4, 10.9]
[17.4, 12.8]
[16.7]
[18.6]
[14.7]
[15.8]
[8.9, 5.1]
[16.7]
[15.8]
[16.8]
[15.0]
[6.3]
[14.8]
[17.7]
[19.1]
[17.4]
[27.4]
[15.3]
[19.3, 8.8]
[15.6]
[15.2]
[17.6]
[16.1]
[15.5]
[17.9]
[17.1]
[13.7]
[6.4]
[17.7, 8.9]
[15.3]
[41.0]
[13.1]
[15.0]
[14.2]
[15.1]
[14.7]
[14.8]
[15.4]
[13.9]
[15.3]
[11.7, 9.8]
[9.0]
[13.0]
[9.5]
[22.6]
[13.9]
[14.4]
[15.7]
[12.0]
[12.0]
[18.8]
[14.0]
[15.0]
[21.8]
[12.9, 11.9]
[14.7, 11.6, 0.7]
[11.3]
[13.7]
[13.6]
[12.3]
[14.3]
[11.6]
[15.3, 9.8]
[13.4]
[13.2]
[16.1]
[11.3]
[12.6]
[12.5]
[14.1]
[13.2]
[15.3]
[13.5]
[14.2]
[9.5]
[14.1]
[13.4]
[12.5]
[12.5]
[16.9]
[12.9]
[11.3]
[15.7]
[11.8]
[14.8]
[16.6]
[11.7]
[9.4]
[13.1]
[11.9]
[15.2]
[9.9]
[15.8]
[15.5]
[13.7]
[11.9]
[13.1]
[15.2]
[16.4]
[12.7]
[10.6, 8.5]
[12.2]
[13.6, 13.1, 8.6]
[14.7]
[10.6]
[12.1]
[12.9]
[17.2]
[12.5]
[12.6]
[11.8]
[13.9]
[14.3]
[11.9]
[7.2]
[8.5]
[13.9]
[11.6]
[12.0]
[17.5]
[11.5, 10.1]
[12.7]
[13.2]
[14.0]
[13.8]
[12.9]
[49.6]
[14.5]
[11.2]
[13.2]
[16.9]
[14.2]
[14.4]
[10.9]
[14.2]
[9.8]
[14.6]
[11.5]
[12.7]
[16.2]
[14.5]
[13.5]
[14.7]
[14.7]
[13.0]
[11.5, 12.7]
[11.6]
[13.6]
[10.7]
[12.2]
[7.3]
[13.0]
[14.9]
[10.4]
[12.1]
[11.7]
[11.5]
[11.8, 12.7, 9.5]
[11.7]
[8.7, 8.2]
[13.1]
[11.9]
[13.4]
[12.0]
[13.4]
[13.5]
[11.6]
[11.7]
[9.4]
[12.8, 12.5, 10.7]
[15.0, 10.3]
[12.2]
[11.5]
[9.7]
[12.8, 10.4]
[11.9]
[14.0]
[11.5]
[11.7]
[11.9]
[12.7]
[12.5]
[11.2]
[13.3]
[15.9]
[10.5]
[12.7]
[11.9, 13.8]
[12.8]
[17.6]
[14.2]
[10.9, 9.6]
[10.7]
[7.8]
[11.0]
[14.6]
[13.1]
[9.9]
[11.3]
[11.2]
[10.9]
[16.5]
[8.5]
[10.7]
[11.4]
[9.2]
[12.0]
[12.9]
[10.8]
[12.3]
[13.2, 9.7]
[12.3]
[10.7]
[15.3]
[10.5]
[12.7]
[10.8]
[15.0]
[13.9]
[10.8]
[9.5]
[9.7]
[13.9, 11.8]
[11.5]
[10.6]
[11.7]
[12.8]
[9.9]
[11.8]
[12.5, 9.6]
[12.5]
[11.3]
[10.4]
[9.5]
[9.9]
[13.0]
[10.4]
[11.6]
[14.3]
[11.7]
[10.4]
[8.4]
[11.4]
[10.8]
[10.4]
[9.9]
[10.9, 9.1]
[11.9]
[10.3]
[11.3]
[11.3]
[10.3]
[11.9]
[11.3]
[11.0]
[10.7]
[14.4]
[7.0]
[11.5]
[9.9]
[10.2]
[13.1]
[10.3]
[8.2]
[12.7]
[12.2]
[12.4]
[10.4]
[10.2]
[11.0]
[10.5]
[11.3]
[10.1]
[11.5]
[12.4]
[10.6]
[9.5]
[12.0]
[14.5]
[11.0]
[11.6]
[12.1, 10.9]
[13.5]
[11.0]
[10.8]
[13.6]
[8.1]
[11.0]
[9.9]
[8.7]
[11.3]
[8.6]
[9.7]
[10.1]
[10.7]
[11.0]
[6.8]
[13.2]
[10.6]
[15.8]
[7.5]
[9.5]
[8.3]
[10.3]
[8.7]
[12.7]
[11.6]
[10.1]
[11.3]
[12.3]
[8.9]
[9.1, 7.5, 6.7]
[9.5]
[11.7]
[14.1]
[9.7]
[9.8]
[11.1]
[10.2]
[9.2]
[10.7]
[15.8]
[9.7]
[9.1]
[9.7]
[9.3]
[10.3]
[10.5]
[12.5]
[10.1]
[11.4]
[11.6]
[12.1]
[8.2]
[10.2]
[8.8, 10.1]
[10.3]
[10.4]
[8.9]
[7.5]
[9.7]
[7.8]
[10.8]
[8.6]
[220.5]
[11.5]
[9.7]
[17.0]
[8.7]
[12.2]
[7.8]
[10.5]
[9.9]
[11.7, 12.2]
[13.9]
[10.8]
[7.1]
[33.2]
[60.4]
[9.4]
[15.2]
[10.2]
[10.1]
[6.2]
[1070.3]
[9.8]
[10.2]
[64.0]
[9.7]
[11.6]
[22.8]
[9.6]
[8.0]
[64.6]
[13.1]
[49.4]
[9.8]
[12.0]
[76.0]
[9.4]
[34.7]
[16.3]
[10.4]
[8.1]
[8.1]
[12.3]
[124.6]
[17.9]
[220.6]
[8.6]
[7.1]
[12.1]
[21.6]
[11.8]
[226.6]
[15.4]
[13.7]
[228.4]
[9.3]
[9.0]
[38.6]
[9.0]
[13.3]
[15.4]
[10.7]
[11.0]
[17.7]
[14.2]
[451.7]
[11.8]
[8.9]
[11.6]
[26.5, 9.1]
[12.5]
[8.9]
[19.7]
[8.1]
[35.1]
[18.3]
[17.5]
[15.0]
[9.2]
[8.7]
[11.7]
[21.9]
[10.6]
[15.5]
[18.2]
[30.0]
[10.4]
[27.0]
[16.1]
[16.4]
[9.0]
[8.1]
[12.7]
[19.6]
[723.3]
[9.4]
[8.4]
[11.6]
[9.7]
[10.0]
[9.5]
[10.9]
[12.5]
[10.9]
[13.0]
[18.6]
[38.0]
[10.4]
[8.3]
[36.9]
[16.6]
[13.1]
[19.7]
[13.4]
[12.4]
[22.0]
[10.0]
[9.4]
[42.3]
[15.2]
[8.7]
[9.2]
[8.6]
[9.2]
[570.6]
[14.6]
[10.6]
[21.1]
[11.5]
[20.7]
[84.5, 23.8, 13.4]
[10.6]
[20.6, 17.9, 9.2]
[312.3]
[9.4]
[16.2, 15.3]
[11.1]
[14.2]
[9.0]
[19.9]
[8.6, 8.0]
[25.2]
[9.9, 8.4]
[17.8]
[19.7]
[204.7]
[6.0]
[23.0]
[238.9]
[9.6, 9.3]
[9.9]
[10.3]
[7.9]
[10.1]
[8.3]
[12.4]
[9.3]
[9.3]
[8.1]
[10.6]
[9.2]
[10.8]
[9.9]
[9.7]
[8.6]
[8.3]
[10.8]
[59.5]
[10.7]
[13.7]
[11.1]
[10.0]
[10.3]
[8.9]
[9.8]
[9.3]
[8.7]
[9.8]
[700.5]
[21.6]
[8.2]
[9.8]
[9.8]
[9.9]
[10.6]
[9.8]
[11.1]
[9.8]
[17.6]
[13.9]
[679.8]
[9.3]
[10.3]
[8.1]
[8.6]
[7.2]
[9.0]
[10.8]
[1149.7]
[10.1]
[8.3]
[9.6]
[14.0]
[10.7]
[7.9]
[10.8]
[9.1]
[15.0]
[12.0]
[14.2]
[9.9]
[8.4]
[7.5]
[10.1]
[10.1]
[11.8]
[351.1]
[10.2]
[10.3]
[10.1]
[9.7]
[2493.3]
[8.8]
[12.0]
[10.1]
[8.7]
[9.5]
[9.0]
[11.5]
[11.7]
[10.6]
[13.2]
[12.3]
[9.3]
[9.5]
[9.5]
[431.3]
[8.4]
[9.4]
[31.7]
[10.7]
[9.1]
[642.2]
[10.3]
[20.5]
[10.7]
[8.4]
[1107.7]
[8.4]
[10.7]
[10.5]
[11.3]
[13.0]
[8.8]
[9.3]
[8.2]
[10.9]
[298.0]
[24.5]
[10.0]
[10.0]
[11.3]
[9.8]
[9.5]
[9.0]
[7.9]
[8.8]
[815.3]
[7.4]
[8.1]
[9.9]
[16.1]
[9.8]
[10.5]
[10.9]
[100.1]
[13.3]
[9.1]
[13.9]
[10.0]
[7.0]
[11.1]
[9.1]
[11.4]
[13.3]
[15.6, 11.4]
[11.2]
[10.8]
[9.9]
[781.2]
[15.5]
[10.3]
[8.8]
[8.3]
[12.0]
[10.6]
[8.5]
[11.7]
[8.9]
[8.0]
[476.0]
[9.2]
[9.3]
[10.4]
[11.6]
[10.4]
[9.9]
[9.3]
[10.1]
[29.0]
[12.2]
[19.1]
[7.9]
[9.7]
[9.5]
[12.6]
[7.7]
[8.1]
[12.2]
[10.0]
[10.0]
[8.4]
[8.0]
[6.7]
[8.0]
[8.0]
[10.0]
[15.2]
[9.8]
[16.4, 12.5]
[11.4]
[8.5]
[20.7]
[7.9]
[8.4]
[8.8]
[12.3]
[11.6]
[8.5]
[8.3]
[9.6]
[7.5]
[10.3]
[10.8]
[13.9]
[11.8]
[8.9]
[13.1]
[8.7]
[8.8]
[6.6]
[18.1]
[7.0]
[9.5]
[8.6]
[8.9]
[9.3]
[4.6]
[10.7]
[10.6]
[4.4]
[10.6]
[8.6]
[9.1]
[8.3]
[8.9]
[11.2]
[11.9]
[8.5]
[9.8]
[15.6]
[11.7]
[140.6]
[7.3]
[8.8]
[7.8]
[8.1]
[10.2]
[8.9]
[9.4]
[6.9]
[9.7]
[9.4]
[11.9]
[9.3]
[9.2]
[10.5]
[8.6]
[14.4]
[11.7]
[9.2]
[10.2]
[8.9]
[8.1]
[8.2]
[11.5]
[12.9]
[8.3]
[10.8]
[8.1]
[12.3]
[11.0]
[9.2]
[9.7]
[13.3]
[10.6]
[8.4]
[12.4]
[8.7]
[12.2]
[11.6]
[9.2]
[11.3]
[8.2]
[9.3]
[6.0]
[9.7]
[7.9]
[22.6]
[8.0]
[7.9]
[11.2]
[9.1]
[9.2]
[13.7]
[8.1]
[6.5]
[10.2]
[9.4]
[10.5]
[8.0]
[55.4]
[10.0]
[10.1]
[12.9]
[15.1]
[8.4]
[15.8]
[13.1]
[14.9]
[15.7]
[10.4]
[2.6]
[9.3]
[10.7]
[7.8]
[16.8]
[7.7]
[8.1]
[11.2]
[10.2]
[9.6]
[6.7]
[7.6]
[10.5]
[6.7]
[7.9]
[11.1]
[9.3]
[15.3]
[6.0]
[8.9]
[21.2]
[10.2]
[27.7]
[9.6]
[7.0]
