[40.2]
[287.8]
[252.8, 130.0, 100.5, 24.8, 17.2]
[134.8]
[242.7, 81.7, 27.5, 22.4, 15.8, 11.9]
[251.9]
[186.7, 55.3]
[70.4]
[204.4, 291.3, 47.2]
[116.9]
[198.3]
[161.4]
[165.5, 112.8, 116.9]
[166.7, 47.1, 8.7]
[88.4, 83.7, 14.4, 17.1]
[125.6, 114.9]
[60.2, 63.1]
[437.5, 456.8, 67.5]
[235.7, 48.8]
[249.7]
[115.4, 178.0, 66.8]
[147.2, 97.1]
[243.5, 79.3, 80.8, 19.4]
[135.8, 141.4]
[119.3, 122.8, 128.0, 59.0, 83.1, 53.8]
[93.6]
[68.4]
[178.6]
[76.2]
[95.4, 40.3, 33.8]
[107.1, 32.0]
[97.9, 23.2]
[86.4]
[66.5]
[871.4]
[1457.8]
[707.3]
[282.3]
[448.2]
[226.8, 19.4]
[21.6]
[480.7, 15.3]
[112.5, 54.1]
[113.7, 43.9]
[74.3]
[304.6, 65.6, 34.0, 37.8, 29.7]
[108.6]
[70.9]
[93.4]
[64.1, 13.4]
[145.9, 22.3]
[167.3]
[75.3, 23.2, 22.5]
[289.6, 32.2]
[101.1, 57.4, 27.6]
[137.2, 68.6, 38.2, 32.4]
[48.7, 81.9, 43.5]
[125.8]
[32.3, 21.0]
[52.5]
[108.9]
[60.8]
[53.9, 69.7, 22.0]
[82.0]
[110.5]
[244.7, 55.2, 9.8]
[84.7]
[84.9, 13.5]
[52.6]
[64.4]
[39.5]
[71.6, 21.9]
[120.1]
[102.2, 5.2]
[79.7]
[35.6]
[81.8, 76.8]
[90.8]
[123.2, 50.9, 43.6]
[92.7, 12.5]
[25.2]
[11.2]
[58.6, 25.5]
[26.8]
[41.8]
[48.7, 15.6]
[89.3, 41.6]
[138.5, 27.3]
[122.9]
[128.3]
[49.5]
[145.5]
[42.5]
[232.4, 43.5, 34.4, 22.7, 19.2, 24.4]
[40.9, 14.7]
[84.5]
[51.6]
[135.4]
[324.3]
[27.4, 24.1]
[150.4]
[85.8]
[92.9]
[577.1]
[44.1]
[73.6, 34.3]
[42.7]
[68.0]
[257.2, 124.3]
[171.0, 49.6, 21.8]
[101.6, 55.1, 32.3, 16.6]
[87.8]
[63.8, 31.9]
[183.8]
[157.3, 54.2, 11.6]
[276.1]
[62.4]
[68.4, 40.7, 21.9]
[209.2]
[81.2, 11.1]
[72.7, 40.6]
[117.0]
[227.4]
[123.1, 27.5, 30.7, 45.0, 18.8]
[75.0, 65.4]
[53.3, 21.2]
[80.3]
[58.8]
[40.4, 36.0]
[40.3, 38.9]
[120.0, 42.3]
[77.7, 52.5]
[103.0]
[82.4, 25.6]
[109.4]
[286.6, 87.1]
[245.2]
[87.6]
[114.8]
[212.5]
[53.1, 15.8]
[54.0]
[52.5, 31.5, 25.5, 16.6]
[48.7, 45.3]
[36.0]
[36.1]
[83.9]
[88.3]
[98.8, 66.1]
[88.1]
[75.7]
[70.3]
[57.6]
[42.6]
[63.0, 49.6, 18.5]
[50.8]
[45.1]
[50.9, 22.1]
[36.9]
[92.3, 79.2, 44.9, 40.4]
[67.0]
[36.3]
[41.6, 27.1, 24.0, 22.1, 41.8]
[61.4]
[89.9, 60.8]
[80.1, 56.5, 25.8]
[45.8, 22.7, 20.4]
[69.2, 23.8]
[48.1]
[95.6, 43.3, 49.0]
[47.2, 41.3]
[70.4, 33.1, 36.7, 12.2]
[79.6]
[125.4, 43.8]
[105.9]
[82.6, 44.7, 42.4]
[30.6]
[83.7]
[46.8, 12.3]
[49.1]
[51.0]
[56.2]
[43.4]
[47.0, 20.4]
[65.5, 30.8]
[59.6, 38.1]
[117.7, 9.1]
[58.1, 7.3]
[50.5]
[36.4, 33.0]
[35.9, 42.6]
[53.2]
[50.6]
[32.6]
[60.6]
[38.1]
[31.7, 9.3, 9.8]
[78.9, 44.7, 41.4]
[36.2]
[31.6]
[70.5]
[64.7, 22.8]
[42.5]
[24.9]
[183.1]
[37.9]
[69.8]
[101.6, 22.5]
[97.3, 60.2, 18.3]
[39.4]
[60.9]
[34.7, 30.1]
[40.9]
[46.4, 27.4]
[66.4, 21.5]
[45.3]
[45.9]
[40.5, 23.1]
[40.5]
[44.7]
[466.2]
[44.2, 49.9, 23.3]
[218.5]
[59.1]
[73.1, 95.4, 8.0]
[44.5, 39.6, 41.4, 18.8]
[67.2, 31.2]
[53.0, 11.7]
[77.3, 30.4]
[52.2]
[38.5]
[41.6]
[47.8]
[19.2]
[97.2, 73.7]
[43.9]
[66.2, 10.5]
[96.3]
[37.5, 13.6]
[68.0, 60.0]
[75.4, 58.8, 18.5]
[41.1, 14.6]
[43.1, 25.6, 14.1]
[74.2]
[63.7, 95.0]
[22.6]
[206.7]
[14.9, 20.5]
[58.5]
[76.1]
[64.4]
[38.4]
[95.3, 20.3]
[36.0]
[36.5, 67.5]
[114.3]
[79.8]
[51.8, 42.0, 30.5, 25.0]
[99.7, 73.0, 46.3, 19.3, 11.4]
[58.4]
[117.3, 66.5, 57.6, 48.8, 27.3]
[85.7, 55.1]
[67.3]
[71.3, 47.4, 47.5]
[160.3]
[36.3]
[84.8, 74.4, 34.1]
[45.5, 28.1, 20.1]
[51.2]
[59.3, 50.8, 51.4]
[39.4, 25.3, 26.0, 23.7]
[10.4, 12.6]
[68.5, 41.7, 23.9, 16.1]
[40.2, 24.2]
[51.4, 41.3]
[36.2]
[87.2]
[65.4]
[60.6, 28.9, 14.1]
[34.3, 10.2, 10.1]
[28.2]
[35.8, 25.8]
[66.5, 40.2]
[161.9, 51.2, 47.1]
[33.2]
[80.0, 19.1]
[29.5]
[43.4]
[128.6]
[61.8]
[34.7]
[28.9, 38.7, 21.7]
[345.2]
[13.7]
[221.1]
[37.1, 30.3]
[35.8]
[35.6]
[71.1, 37.9]
[48.2]
[47.6, 20.1]
[50.8]
[51.5]
[53.9]
[138.8]
[70.6]
[78.5]
[71.6, 35.2, 26.0, 15.9]
[32.1]
[113.2]
[37.8]
[39.3, 21.3]
[70.8]
[46.1, 28.5, 39.7]
[48.9, 20.9]
[38.4, 22.8]
[86.6, 117.2, 24.8]
[240.6]
[116.1]
[74.6]
[160.9]
[49.2]
[99.5]
[35.9]
[54.4, 25.7]
[59.4, 10.7]
[64.8]
[86.1, 37.8, 21.1]
[223.5]
[62.6]
[53.0, 45.5, 22.6, 30.5]
[62.8, 51.8]
[247.9, 29.2]
[39.7]
[60.8, 21.9]
[157.8]
[87.2, 57.6, 14.9]
[53.3]
[88.0, 155.5, 59.3]
[62.4, 46.8]
[175.2, 52.7, 41.6]
[50.4]
[71.9]
[64.5, 15.0]
[123.8, 86.2, 12.0]
[58.0, 41.4, 36.9]
[46.2]
[210.5]
[182.1]
[25.4, 21.6, 28.1, 21.4]
[47.7, 23.8, 12.9]
[55.9, 44.8, 21.2, 22.7]
[77.4]
[36.4, 15.4]
[64.5, 14.2]
[48.1]
[123.5]
[49.9]
[55.0, 60.7, 25.6]
[48.1]
[79.7]
[26.6]
[128.3]
[81.1, 25.6, 26.7]
[117.0, 78.7, 37.5, 18.2]
[45.1]
[51.0, 16.7]
[30.6, 25.2, 21.9]
[53.2]
[50.7]
[27.3, 28.9]
[35.6]
[66.7]
[116.2, 41.9]
[166.3]
[59.1, 39.3]
[54.3]
[120.9]
[60.0]
[38.4, 17.4]
[41.0]
[41.9, 26.3]
[26.2, 11.4]
[23.0, 19.4]
[20.0]
[41.9, 14.0]
[35.9]
[50.4, 19.0, 11.1]
[46.0]
[29.5]
[51.7]
[33.6]
[19.3]
[29.8]
[29.8, 17.7, 15.5, 11.8]
[74.0]
[31.5, 30.5]
[38.0]
[19.0, 16.2, 12.2]
[21.6, 9.6]
[36.1]
[90.1]
[79.7]
[10.5]
[31.7, 32.2, 16.9, 15.1]
[57.9]
[37.5, 10.9, 10.0]
[41.0, 24.5]
[24.8]
[35.2]
[42.2, 36.1]
[38.0]
[34.1, 10.7]
[16.9]
[20.8]
[27.9]
[33.1]
[27.7, 14.3]
[38.0]
[97.4]
[28.6]
[56.3, 11.4]
[20.8]
[32.2]
[37.0]
[28.1, 14.9]
[18.4, 11.8]
[31.3, 16.4, 18.5]
[25.3, 23.0, 12.2]
[28.0]
[38.6]
[31.0]
[26.8]
[18.5]
[29.2]
[32.9]
[163.2]
[48.3]
[25.3]
[96.8, 30.0, 21.8]
[40.1]
[58.0]
[53.0, 27.5]
[62.6]
[99.5]
[47.7, 17.6]
[39.4, 40.5, 13.2, 13.3]
[55.2, 19.8]
[20.4]
[63.0]
[42.1, 18.0]
[30.4, 28.9]
[48.3]
[17.0]
[14.3]
[33.0, 28.7]
[42.8]
[54.9]
[36.3]
[247.8]
[150.9]
[32.6]
[25.5]
[36.3, 17.4, 20.9]
[26.6, 24.7, 19.0, 14.3]
[31.3, 14.7, 10.2]
[28.4]
[25.6, 27.4]
[25.9]
[23.4]
[81.8]
[57.3]
[63.9, 30.7, 19.9]
[55.2, 76.6]
[40.8, 29.3]
[32.3]
[26.4, 15.2]
[26.2, 32.1, 27.8, 19.6]
[50.7, 29.1]
[31.9]
[28.1]
[35.3]
[31.6]
[40.6, 19.6]
[44.8]
[38.1]
[28.3]
[27.8]
[33.2]
[25.9, 11.9]
[57.0]
[32.5]
[30.8]
[42.6]
[57.9]
[107.9]
[39.9]
[73.4, 161.5, 106.2]
[9.1]
[49.4]
[40.3, 21.3, 27.5]
[34.5, 16.6, 15.0]
[20.1]
[56.4, 34.4]
[24.6, 20.2]
[15.5]
[19.0]
[20.7]
[76.6]
[59.7]
[142.8]
[97.2]
[31.9, 14.6]
[44.4]
[82.8]
[339.4]
[46.8, 9.9]
[55.1]
[37.9]
[45.1]
[34.3]
[20.2]
[49.2]
[36.6]
[71.5, 12.1]
[26.3]
[40.9]
[33.2]
[29.7]
[40.6]
[62.0]
[30.7]
[20.2, 11.0]
[37.1, 10.4]
[18.0]
[26.0]
[26.2]
[23.3, 13.9]
[38.4]
[51.3]
[30.8]
[34.7, 16.6]
[37.7]
[25.4]
[27.6]
[114.7, 63.1, 37.7]
[13.8]
[51.9, 34.7, 20.6, 20.4]
[48.2, 28.2, 34.8, 28.9]
[36.8]
[57.4]
[53.1]
[123.9, 23.7]
[69.3, 51.2]
[66.5]
[36.1]
[23.2]
[34.3]
[36.3]
[52.6]
[25.5]
[18.3, 18.4]
[26.4, 22.6]
[70.0, 37.9, 14.9]
[32.9]
[40.9]
[34.3, 20.3, 15.2]
[43.4]
[28.9]
[26.4]
[27.7]
[17.9]
[15.4]
[24.3]
[15.0]
[39.6, 36.7]
[19.6]
[18.8]
[20.1]
[40.2]
[23.8]
[25.0]
[21.7]
[45.0]
[30.6]
[126.1]
[16.6]
[42.1]
[21.1]
[28.7, 18.1]
[21.7]
[26.7]
[22.7]
[32.2]
[33.9]
[32.6]
[21.2]
[22.9]
[31.9]
[33.2]
[88.0]
[27.1]
[17.6]
[22.1]
[32.9]
[20.7]
[20.8]
[20.1]
[23.6]
[70.9]
[30.8]
[28.2, 10.5]
[149.9, 53.5]
[111.3]
[103.7]
[190.4]
[118.8]
[17.4]
[16.5]
[59.5]
[43.1, 21.6, 25.6]
[18.8, 16.6]
[62.2, 65.6]
[54.1]
[94.6]
[43.1]
[20.8]
[47.9]
[31.3]
[70.6]
[77.4]
[22.4]
[57.2]
[56.8, 25.9, 17.1]
[42.5, 17.4, 16.2]
[33.9, 28.5, 20.2]
[38.9]
[9.9]
[48.6, 9.6]
[23.6]
[43.2]
[51.8]
[53.3]
[46.1]
[49.8]
[37.1]
[50.0]
[34.1]
[55.0]
[61.0, 45.5, 29.3]
[47.5]
[47.7]
[36.0]
[40.6]
[42.6]
[44.3]
[43.3, 34.2]
[38.7]
[43.4, 15.4]
[41.2, 20.6]
[40.1]
[35.1]
[39.3]
[42.1]
[37.1]
[16.7]
[37.8]
[37.5, 18.2]
[39.0, 18.3]
[35.0]
[40.8]
[21.8, 20.3, 11.8]
[38.5]
[41.2]
[24.9]
[32.5, 20.0, 20.7]
[33.2, 21.0]
[41.7, 32.7, 21.3]
[38.2, 10.3]
[31.8]
[38.2]
[26.2]
[34.0]
[40.9, 9.1]
[42.3]
[34.3]
[30.0]
[53.1]
[27.5, 14.6, 17.1]
[39.7]
[40.1]
[53.4]
[25.3]
[32.7]
[43.5]
[23.3]
[36.1]
[30.6]
[33.6]
[34.6, 24.4, 16.0, 22.8]
[22.5]
[34.7]
[38.2, 16.9]
[39.9]
[34.0]
[26.9, 23.3]
[26.8]
[30.1]
[34.6]
[40.1]
[38.4, 28.6]
[41.9]
[17.4]
[31.5]
[45.5]
[33.7, 16.0]
[34.7]
[37.6]
[38.2, 14.9]
[43.5]
[35.5]
[33.6]
[31.2]
[17.3]
[39.9]
[17.6, 12.5]
[35.7]
[25.2, 13.9]
[27.0, 16.2]
[39.8]
[34.2]
[27.2]
[8.9, 6.8]
[27.7]
[37.5]
[43.5, 38.1, 19.9]
[29.8, 23.2, 13.7]
[17.5, 13.6, 8.1, 7.2]
[24.2]
[35.0]
[20.2, 16.7, 15.2]
[28.5, 30.0, 11.4, 9.9]
[26.1]
[27.1]
[35.6]
[40.8]
[32.1, 14.1, 11.5]
[29.0]
[29.0]
[6.0]
[38.0, 14.1]
[7.7]
[32.7, 34.3]
[37.4, 23.9]
[33.8]
[28.8]
[35.6]
[24.9]
[26.4]
[24.3]
[27.8, 28.1, 21.8]
[28.4]
[33.6, 93.8]
[23.8, 25.2]
[24.7, 20.5]
[27.3]
[23.3]
[27.2, 29.6, 15.9]
[35.5]
[23.6]
[19.1]
[23.8]
[20.2]
[10.3]
[25.4]
[18.9]
[20.7]
[34.7]
[22.8]
[27.0, 23.8]
[34.3, 28.3]
[31.9]
[32.7]
[22.3]
[21.5]
[31.0]
[26.6]
[25.9]
[30.4]
[19.5]
[23.8]
[36.2, 15.0, 21.1]
[24.9]
[27.7]
[23.1]
[25.2]
[25.5]
[25.7]
[25.2, 19.3]
[27.8]
[31.6]
[22.8, 12.3]
[24.5]
[24.3, 13.9]
[25.1]
[19.5]
[27.8, 17.7]
[21.0, 18.6, 13.7]
[12.8]
[22.2, 8.7]
[22.4, 15.4]
[22.6]
[22.7]
[12.0]
[26.4]
[19.7, 20.0]
[11.0]
[33.2]
[24.0, 27.3]
[26.9, 16.6, 17.0]
[18.3, 10.1]
[20.1]
[20.7]
[18.0]
[25.9]
[28.3]
[18.2]
[20.2]
[27.5, 11.6]
[24.4, 26.1, 13.2]
[22.6]
[24.0]
[26.1]
[22.0]
[19.1]
[25.7, 9.4]
[21.8, 14.0]
[23.9]
[17.6]
[27.6, 18.3, 12.7]
[22.3]
[20.8]
[22.0]
[23.5]
[31.2]
[24.1, 13.1]
[19.4]
[25.8]
[27.3]
[26.5, 26.7, 11.9]
[20.4, 12.2]
[23.7]
[11.8]
[24.1]
[24.5, 17.7]
[25.5, 16.0]
[23.7]
[22.4]
[24.0]
[21.5]
[20.3]
[21.1, 20.9]
[22.6]
[23.2]
[22.2]
[19.8]
[22.1]
[22.4]
[21.4]
[17.6]
[24.2]
[20.8]
[23.1]
[22.4]
[19.3]
[28.5]
[16.3]
[25.4]
[18.2]
[18.6]
[21.3]
[21.6, 8.3]
[22.8]
[22.3]
[22.0, 18.6]
[21.8]
[21.3]
[21.4]
[21.4]
[23.8]
[20.8]
[19.2]
[25.7]
[13.3]
[31.8]
[20.7]
[17.7]
[20.2]
[21.0, 14.0]
[21.6]
[17.3]
[16.9]
[22.0, 9.2]
[22.1]
[23.3]
[17.3]
[19.9]
[14.3]
[17.3]
[17.7]
[24.0]
[22.2]
[18.5]
[21.0]
[19.7]
[16.3]
[21.3]
[22.5]
#[missing]
[26.1]
[9.3]
[16.8]
[20.3, 10.4]
[20.9, 11.9]
[17.1]
[15.6]
[16.3]
[15.8]
[28.5, 28.8, 16.4, 12.8]
[14.9]
[20.4]
[16.4]
[18.0, 12.9]
[18.5, 12.7]
[17.2]
[16.0]
[26.7]
[19.7]
[21.6, 10.7]
[19.0]
[22.6]
[17.6]
[18.1]
[16.1]
[18.0, 11.8]
[19.3]
[14.1]
[16.3]
[16.7, 17.9, 16.0]
[21.4]
[19.4]
[25.3]
[17.8]
[17.3]
[14.4, 12.5]
[21.9]
[23.3]
[19.9]
[14.7]
[19.4]
[16.1]
[17.6]
[17.7]
[21.4, 15.2]
[20.6]
[18.9]
[15.4]
[15.7]
[20.1]
[21.2, 14.2]
[19.8]
[17.3]
[23.8, 10.7]
[18.3]
[17.3]
[12.8]
[18.1]
[12.4]
[18.7]
[19.2]
[15.8]
[17.2]
[21.3, 9.7]
[12.9]
[17.9]
[17.1]
[16.2, 12.6]
[12.9]
[19.5]
[15.6]
[19.2, 11.2, 10.5]
[18.9]
[19.4]
[14.7]
[22.4, 13.1]
[17.0]
[15.6, 15.3, 15.2]
[16.5]
[21.1]
[14.8]
[13.7, 10.9]
[13.2]
[17.6]
[15.9]
[14.9]
[17.9]
[20.7]
[11.4]
[21.4]
[18.0]
[11.8]
[15.8]
[14.8]
[15.7]
[15.4]
[15.7]
[15.1]
[20.4]
[16.7]
[16.9]
[55.1]
[92.3]
[40.2]
[69.3]
[14.8]
[20.8]
[62.8]
[36.9, 22.9, 29.1]
[25.8]
[64.6]
[39.0, 36.2, 21.1]
[17.0]
[20.8, 7.7]
[27.9]
[20.1, 17.4, 18.6, 15.3, 9.3]
[26.2]
[33.8, 31.6, 20.0, 14.9]
[20.3]
[23.1]
[21.4]
[26.9]
[20.1]
[20.2]
[21.3]
[26.7]
[29.3]
[12.7]
[24.3]
[19.1]
[20.0]
[35.4]
[19.9]
[20.0]
[17.6]
[18.0]
[20.2]
[28.6]
[16.5]
[14.4]
[20.9]
[12.6]
[23.2]
[20.0]
[16.6]
[20.0]
[22.5]
[17.3]
[16.1]
[20.1]
[19.9, 14.2]
[15.6, 11.1, 10.8]
[17.8]
[17.5]
[15.1, 14.4, 8.3]
[16.7]
[16.2]
[14.5]
[15.8]
[13.2]
[15.6, 11.2, 10.7]
[15.4]
[15.3]
[11.9]
[17.1]
[20.5]
[15.5]
[13.7]
[17.5, 17.0]
[16.0]
[11.8, 10.3]
[11.7]
[12.2]
[19.7, 12.8]
[19.5]
[15.2]
[13.8]
[16.8]
[14.6]
[11.0]
[16.2]
[17.1]
[16.5]
[25.3]
[12.8, 9.8]
[11.9]
[14.6]
[17.8]
[15.4]
[11.5]
[13.8]
[15.2]
[11.9]
[12.2]
[15.1]
[14.2]
[13.6]
[12.5]
[16.4]
[15.5]
[14.7, 8.6]
[13.6]
[19.4, 18.9]
[14.0]
[13.2, 10.0]
[11.9, 10.3]
[11.2, 8.5, 10.1]
[16.5]
[13.3]
[13.5, 8.3]
[13.1]
[17.8]
[12.4]
[14.2, 11.4]
[16.8]
[12.9]
[10.9]
[13.1]
[12.3, 11.7]
[12.3]
[15.7]
[22.1]
[16.6]
[12.5, 13.2]
[2.9]
[9.5]
[8.8]
[11.7]
[10.5]
[8.9]
[17.4]
[12.0]
[11.3]
[11.3]
[22.7]
[18.7]
[16.4]
[17.0]
[14.1]
[12.6, 11.2]
[9.6]
[13.6]
[13.7]
[13.0]
[11.3]
[21.9]
[25.7]
[16.2]
[17.7]
[20.3]
[20.5]
[13.1]
[11.1]
[20.0]
[15.8]
[17.0]
[38.0]
[9.9]
[13.5]
[13.0]
[14.7]
[13.6]
[16.4, 12.3]
[10.9]
[14.5, 16.0, 10.4]
[11.6]
[21.5]
[15.7]
[16.2, 9.7]
[20.8]
[15.1]
[16.1]
[9.6]
[12.9]
[13.8]
[39.5]
[19.8]
[29.0]
[12.6]
[10.6]
[10.7]
[5.8, 7.5]
[17.7]
[13.3, 11.7]
[12.1]
[14.4]
[11.7, 28.3]
[15.1]
[14.1]
[12.5]
[13.0]
[17.8]
[15.6]
[14.6, 10.9]
[18.2]
[20.8]
[11.2, 10.8]
[12.3]
[13.9]
[10.4]
[18.6]
[14.9, 11.4]
[17.1]
[20.0]
[22.3]
[12.6]
[11.6]
[11.8]
[12.6]
[14.6]
[12.1, 14.3]
[10.6]
[27.4]
[13.2]
[13.1]
[13.3]
[17.0]
[15.4]
[10.4, 9.7]
[8.5]
[13.0]
[12.1]
[10.9]
[56.3]
[54.5]
[17.3]
[37.2]
[69.3, 9.6]
[36.6]
[32.4]
[23.1]
[28.9]
[11.4]
[76.3]
[28.0]
[27.7]
[20.3]
[18.7]
[17.9, 9.1]
[27.7]
[20.6]
[22.6]
[6.8]
[20.4, 19.2, 19.5, 15.2]
[15.3]
[23.3]
[21.0]
[24.5]
[23.7]
[21.4]
[17.1]
[16.1, 9.3]
[18.6]
[19.5]
[17.4]
[15.9]
[15.8]
[18.0]
[16.5]
[11.1]
[15.6]
[18.4]
[16.7]
[8.9, 5.1]
[15.8]
[16.8]
[6.3]
[19.1]
[19.3, 8.8]
[16.1]
[15.5]
[17.7, 8.9]
[14.7]
[13.9]
[11.7, 9.8]
[9.0]
[9.5]
[14.7, 11.6, 0.7]
[13.7]
[13.6]
[11.6]
[15.3, 9.8]
[13.4]
[13.2]
[16.1]
[11.3]
[12.6]
[14.2]
[13.4]
[12.5]
[11.3]
[15.7]
[14.8]
[11.7]
[11.9]
[9.9]
[15.5]
[13.7]
[11.9]
[13.1]
[10.6]
[12.2]
[13.6, 8.6]
[14.7]
[17.2]
[11.8]
[13.9]
[11.9]
[7.2]
[13.9]
[11.6]
[12.0]
[11.5, 10.1]
[14.0]
[12.9]
[14.4]
[10.9]
[14.5]
[13.5]
[11.5, 12.7]
[11.6]
[10.7]
[7.3]
[14.9]
[10.4]
[12.1]
[11.7]
[11.5]
[11.8, 12.7, 9.5]
[11.7]
[8.7, 8.2]
[13.1]
[11.9]
[12.0]
[13.5]
[11.6]
[12.8, 12.5, 10.7]
[11.5]
[12.8, 10.4]
[12.5]
[11.2]
[12.7]
[12.8]
[10.9, 9.6]
[7.8]
[13.1]
[9.9]
[8.5]
[10.7]
[9.2]
[10.8]
[12.3]
[13.2, 9.7]
[10.7]
[13.9]
[9.5]
[9.7]
[11.5]
[9.9]
[12.5, 9.6]
[12.5]
[9.9]
[13.0]
[10.4]
[11.6]
[10.4]
[8.4]
[11.4]
[10.8]
[9.9]
[10.9, 9.1]
[11.3]
[11.3]
[10.3]
[14.4]
[7.0]
[11.5]
[10.2]
[13.1]
[10.3]
[12.7]
[12.2]
[12.4]
[11.0]
[11.3]
[11.5]
[10.6]
[9.5]
[12.0]
[14.5]
[11.6]
[13.5]
[10.8]
[8.1]
[11.0]
[9.9]
[9.7]
[10.1]
[10.7]
[11.0]
[10.6]
[9.5]
[10.3]
[11.6]
[8.9]
[9.1, 7.5, 6.7]
[11.7]
[9.7]
[9.8]
[11.1]
[9.2]
[15.8]
[9.7]
[9.1]
[9.7]
[10.5]
[10.1]
[11.6]
[8.2]
[10.2]
[8.8, 10.1]
[10.3]
[10.4]
[8.9]
[7.5]
[10.8]
[8.6]
[11.5]
[8.7]
[12.2]
[10.5]
[9.9]
[10.8]
[7.1]
[9.4]
[10.2]
[10.1]
[10.2]
[64.0]
[11.6]
[8.0]
[13.1]
[9.8]
[12.0]
[10.4]
[8.1]
[8.1]
[7.1]
[11.8]
[15.4]
[10.7]
[14.2]
[11.8]
[11.6]
[9.1]
[12.5]
[15.0]
[10.6]
[10.4]
[27.0]
[16.4]
[9.4]
[11.6]
[12.5]
[10.9]
[13.0]
[10.4]
[36.9]
[16.6]
[13.1]
[10.0]
[9.4]
[8.7]
[9.2]
[8.6]
[10.6]
[10.6]
[11.1]
[14.2]
[9.0]
[8.6, 8.0]
[23.0]
[9.6, 9.3]
[7.9]
[8.3]
[8.1]
[10.6]
[9.2]
[9.9]
[8.6]
[10.0]
[8.9]
[9.8]
[9.8]
[13.9]
[9.3]
[8.1]
[8.6]
[7.2]
[10.8]
[10.1]
[8.3]
[9.6]
[10.7]
[8.4]
[7.5]
[10.1]
[10.1]
[9.7]
[8.8]
[12.0]
[9.5]
[9.5]
[9.5]
[31.7]
[10.3]
[8.4]
[10.0]
[10.0]
[7.9]
[7.4]
[8.1]
[9.9]
[9.8]
[10.5]
[10.9]
[9.1]
[10.0]
[7.0]
[11.1]
[11.4]
[11.2]
[8.8]
[8.3]
[8.5]
[8.0]
[9.2]
[10.4]
[10.1]
[7.9]
[9.7]
[8.1]
[8.0]
[6.7]
[8.0]
[8.0]
[8.5]
[8.4]
[8.5]
[7.5]
[10.8]
[8.9]
[8.8]
[9.3]
[4.4]
[10.6]
[8.6]
[8.3]
[9.8]
[7.3]
[8.9]
[6.9]
[9.7]
[8.9]
[8.2]
[9.2]
[8.4]
[8.7]
[9.7]
[7.9]
[9.2]
[10.5]
[7.7]
[9.3]
